2023-03-01 11:43:07.559192: W tensorflow/stream_executor/platform/default/dso_loader.cc:64] Could not load dynamic library 'libcudart.so.11.0'; dlerror: libcudart.so.11.0: cannot open shared object file: No such file or directory; LD_LIBRARY_PATH: /home1/08589/hvtran/.local/lib/python3.9/site-packages/cv2/../../lib64:/opt/apps/pmix/3.2.3/lib:/opt/apps/intel19/python3/3.9.7/lib:/opt/intel/compilers_and_libraries_2020.4.304/linux/mpi/intel64/libfabric/lib:/opt/intel/compilers_and_libraries_2020.4.304/linux/mpi/intel64/lib/release:/opt/intel/compilers_and_libraries_2020.4.304/linux/mpi/intel64/lib:/opt/intel/debugger_2020/libipt/intel64/lib:/opt/intel/compilers_and_libraries_2020.1.217/linux/daal/lib/intel64_lin:/opt/intel/compilers_and_libraries_2020.1.217/linux/tbb/lib/intel64_lin/gcc4.8:/opt/intel/compilers_and_libraries_2020.1.217/linux/mkl/lib/intel64_lin:/opt/intel/compilers_and_libraries_2020.1.217/linux/ipp/lib/intel64:/opt/intel/compilers_and_libraries_2020.1.217/linux/compiler/lib/intel64_lin:/opt/apps/gcc/9.4.0/lib64:/opt/apps/gcc/9.4.0/lib:/usr/lib64
2023-03-01 11:43:07.559655: I tensorflow/stream_executor/cuda/cudart_stub.cc:29] Ignore above cudart dlerror if you do not have a GPU set up on your machine.
Setting up [LPIPS] perceptual loss: trunk [alex], v[0.1], spatial [off]
Loading model from: /home1/08589/hvtran/.local/lib/python3.9/site-packages/lpips/weights/v0.1/alex.pth
Namespace(is_training=1, device='cuda', dataset_name='mnist', train_data_paths='/scratch/08589/hvtran/download/era5_train_0901002000_3_24hr.npz,/scratch/08589/hvtran/download/era5_train_0901002001_3_24hr.npz,/scratch/08589/hvtran/download/era5_train_0901002002_3_24hr.npz,/scratch/08589/hvtran/download/era5_train_0901002003_3_24hr.npz,/scratch/08589/hvtran/download/era5_train_0901002004_3_24hr.npz,/scratch/08589/hvtran/download/era5_train_0901002005_3_24hr.npz,/scratch/08589/hvtran/download/era5_train_0901002006_3_24hr.npz,/scratch/08589/hvtran/download/era5_train_0901002007_3_24hr.npz,/scratch/08589/hvtran/download/era5_train_0901002008_3_24hr.npz,/scratch/08589/hvtran/download/era5_train_0901002009_3_24hr.npz,/scratch/08589/hvtran/download/era5_train_0901002010_3_24hr.npz,/scratch/08589/hvtran/download/era5_train_0901002011_3_24hr.npz,/scratch/08589/hvtran/download/era5_train_0901002012_3_24hr.npz,/scratch/08589/hvtran/download/era5_train_0901002013_3_24hr.npz,/scratch/08589/hvtran/download/era5_train_0901002014_3_24hr.npz,/work/08589/hvtran/ls6/ERA5_PredRNN-main/era5_train_0825002005_3_24hr.npz,/work/08589/hvtran/ls6/ERA5_PredRNN-main/era5_train_1001002015_3_24hr.npz,/work/08589/hvtran/ls6/ERA5_PredRNN-main/era5_train_1001002016_3_24hr.npz,/work/08589/hvtran/ls6/ERA5_PredRNN-main/era5_train_0827002021_3_24hr.npz,/work/08589/hvtran/ls6/ERA5_PredRNN-main/era5_train_0921002022_3_24hr.npz', valid_data_paths='/work/08589/hvtran/ls6/ERA5_PredRNN-main/era5_train_1024002012_3_24hr.npz', save_dir='/work/08589/hvtran/ls6/ERA5_PredRNN-main/predrnn-pytorch/checkpoints/era5_predrnn', gen_frm_dir='/work/08589/hvtran/ls6/ERA5_PredRNN-main/predrnn-pytorch/checkpoints/era5_predrnn', input_length=24, total_length=48, img_width=1440, img_height=720, img_channel=3, img_layers='0,1,2', concurent_step=1, use_weight=0, layer_weight='20', skip_time=1, wavelet='db1', center_enhance=True, layer_need_enhance=1, find_max=False, multiply=2.0, model_name='predrnn_v2', pretrained_model='/work/08589/hvtran/ls6/ERA5_PredRNN-main/model.ckpt-best', num_hidden='512,512,512,512', filter_size=5, stride=1, patch_size=15, patch_size1=4, layer_norm=1, decouple_beta=0.05, reverse_scheduled_sampling=1, r_sampling_step_1=25000.0, r_sampling_step_2=50000, r_exp_alpha=2500, scheduled_sampling=1, sampling_stop_iter=50000, sampling_start_value=1.0, sampling_changing_rate=2e-05, lr=0.0001, reverse_input=1, batch_size=1, max_iterations=10000, display_interval=50, test_interval=1000000, snapshot_interval=2000, num_save_samples=10, n_gpu=1, visual=0, visual_path='./decoupling_visual', injection_action='concat', conv_on_input=0, res_on_conv=0, num_action_ch=4, is_static=0, is_scale=0, out_scale1='', out_scale2='', in_scale1='', in_scale2='', noise_val=0, out_channel=5, stat_layers=8, stat_layers2=5, out_weights='', curr_best_loss=0.03, isloss=1, is_logscale=0, is_WV=1)
Initializing models
load model: /work/08589/hvtran/ls6/ERA5_PredRNN-main/model.ckpt-best
/scratch/08589/hvtran/download/era5_train_0901002002_3_24hr.npz
clips
(2, 14, 2)
dims
(1, 3)
input_raw_data
(336, 3, 720, 1440)
clips
(2, 61, 2)
dims
(1, 3)
input_raw_data
(1464, 3, 720, 1440)
2023-03-01 12:12:38 itr: 50
training loss: 0.03499739617109299
/scratch/08589/hvtran/download/era5_train_0901002013_3_24hr.npz
clips
(2, 14, 2)
dims
(1, 3)
input_raw_data
(336, 3, 720, 1440)
clips
(2, 61, 2)
dims
(1, 3)
input_raw_data
(1464, 3, 720, 1440)
2023-03-01 12:37:16 itr: 100
training loss: 0.0359313040971756
/work/08589/hvtran/ls6/ERA5_PredRNN-main/era5_train_1001002016_3_24hr.npz
clips
(2, 14, 2)
dims
(1, 3)
input_raw_data
(336, 3, 720, 1440)
clips
(2, 14, 2)
dims
(1, 3)
input_raw_data
(336, 3, 720, 1440)
/work/08589/hvtran/ls6/ERA5_PredRNN-main/era5_train_0921002022_3_24hr.npz
clips
(2, 14, 2)
dims
(1, 3)
input_raw_data
(336, 3, 720, 1440)
clips
(2, 14, 2)
dims
(1, 3)
input_raw_data
(336, 3, 720, 1440)
/scratch/08589/hvtran/download/era5_train_0901002000_3_24hr.npz
clips
(2, 14, 2)
dims
(1, 3)
input_raw_data
(336, 3, 720, 1440)
clips
(2, 61, 2)
dims
(1, 3)
input_raw_data
(1464, 3, 720, 1440)
2023-03-01 13:03:03 itr: 150
training loss: 0.03637322038412094
2023-03-01 13:26:07 itr: 200
training loss: 0.034329287707805634
/scratch/08589/hvtran/download/era5_train_0901002012_3_24hr.npz
clips
(2, 14, 2)
dims
(1, 3)
input_raw_data
(336, 3, 720, 1440)
clips
(2, 61, 2)
dims
(1, 3)
input_raw_data
(1464, 3, 720, 1440)
2023-03-01 13:50:43 itr: 250
training loss: 0.03507915139198303
/scratch/08589/hvtran/download/era5_train_0901002010_3_24hr.npz
clips
(2, 14, 2)
dims
(1, 3)
input_raw_data
(336, 3, 720, 1440)
clips
(2, 61, 2)
dims
(1, 3)
input_raw_data
(1464, 3, 720, 1440)
2023-03-01 14:15:21 itr: 300
training loss: 0.03283797204494476
/work/08589/hvtran/ls6/ERA5_PredRNN-main/era5_train_0827002021_3_24hr.npz
clips
(2, 14, 2)
dims
(1, 3)
input_raw_data
(336, 3, 720, 1440)
clips
(2, 14, 2)
dims
(1, 3)
input_raw_data
(336, 3, 720, 1440)
/scratch/08589/hvtran/download/era5_train_0901002005_3_24hr.npz
clips
(2, 14, 2)
dims
(1, 3)
input_raw_data
(336, 3, 720, 1440)
clips
(2, 61, 2)
dims
(1, 3)
input_raw_data
(1464, 3, 720, 1440)
2023-03-01 14:40:14 itr: 350
training loss: 0.03541729599237442
/scratch/08589/hvtran/download/era5_train_0901002011_3_24hr.npz
clips
(2, 14, 2)
dims
(1, 3)
input_raw_data
(336, 3, 720, 1440)
clips
(2, 61, 2)
dims
(1, 3)
input_raw_data
(1464, 3, 720, 1440)
2023-03-01 15:04:47 itr: 400
training loss: 0.03512883186340332
2023-03-01 15:27:54 itr: 450
training loss: 0.03377629071474075
/scratch/08589/hvtran/download/era5_train_0901002009_3_24hr.npz
clips
(2, 14, 2)
dims
(1, 3)
input_raw_data
(336, 3, 720, 1440)
clips
(2, 61, 2)
dims
(1, 3)
input_raw_data
(1464, 3, 720, 1440)
2023-03-01 15:52:26 itr: 500
training loss: 0.035839423537254333
/scratch/08589/hvtran/download/era5_train_0901002008_3_24hr.npz
clips
(2, 14, 2)
dims
(1, 3)
input_raw_data
(336, 3, 720, 1440)
clips
(2, 61, 2)
dims
(1, 3)
input_raw_data
(1464, 3, 720, 1440)
2023-03-01 16:17:04 itr: 550
training loss: 0.03197493776679039
current best loss: 0.029887
save model to /work/08589/hvtran/ls6/ERA5_PredRNN-main/predrnn-pytorch/checkpoints/era5_predrnn/model.ckpt-best
/scratch/08589/hvtran/download/era5_train_0901002004_3_24hr.npz
clips
(2, 14, 2)
dims
(1, 3)
input_raw_data
(336, 3, 720, 1440)
clips
(2, 61, 2)
dims
(1, 3)
input_raw_data
(1464, 3, 720, 1440)
2023-03-01 16:41:46 itr: 600
training loss: 0.03098868951201439
current best loss: 0.029791
save model to /work/08589/hvtran/ls6/ERA5_PredRNN-main/predrnn-pytorch/checkpoints/era5_predrnn/model.ckpt-best
current best loss: 0.029461
save model to /work/08589/hvtran/ls6/ERA5_PredRNN-main/predrnn-pytorch/checkpoints/era5_predrnn/model.ckpt-best
/scratch/08589/hvtran/download/era5_train_0901002014_3_24hr.npz
clips
(2, 14, 2)
dims
(1, 3)
input_raw_data
(336, 3, 720, 1440)
clips
(2, 61, 2)
dims
(1, 3)
input_raw_data
(1464, 3, 720, 1440)
2023-03-01 17:06:46 itr: 650
training loss: 0.030952148139476776
/scratch/08589/hvtran/download/era5_train_0901002006_3_24hr.npz
clips
(2, 14, 2)
dims
(1, 3)
input_raw_data
(336, 3, 720, 1440)
clips
(2, 61, 2)
dims
(1, 3)
input_raw_data
(1464, 3, 720, 1440)
2023-03-01 17:31:46 itr: 700
training loss: 0.03256562724709511
current best loss: 0.02894
save model to /work/08589/hvtran/ls6/ERA5_PredRNN-main/predrnn-pytorch/checkpoints/era5_predrnn/model.ckpt-best
2023-03-01 17:55:01 itr: 750
training loss: 0.030763596296310425
/work/08589/hvtran/ls6/ERA5_PredRNN-main/era5_train_0825002005_3_24hr.npz
clips
(2, 14, 2)
dims
(1, 3)
input_raw_data
(336, 3, 720, 1440)
clips
(2, 14, 2)
dims
(1, 3)
input_raw_data
(336, 3, 720, 1440)
/scratch/08589/hvtran/download/era5_train_0901002001_3_24hr.npz
clips
(2, 14, 2)
dims
(1, 3)
input_raw_data
(336, 3, 720, 1440)
clips
(2, 61, 2)
dims
(1, 3)
input_raw_data
(1464, 3, 720, 1440)
2023-03-01 18:20:18 itr: 800
training loss: 0.031809549778699875
current best loss: 0.028645
save model to /work/08589/hvtran/ls6/ERA5_PredRNN-main/predrnn-pytorch/checkpoints/era5_predrnn/model.ckpt-best
current best loss: 0.028606
save model to /work/08589/hvtran/ls6/ERA5_PredRNN-main/predrnn-pytorch/checkpoints/era5_predrnn/model.ckpt-best
/work/08589/hvtran/ls6/ERA5_PredRNN-main/era5_train_1001002015_3_24hr.npz
clips
(2, 14, 2)
dims
(1, 3)
input_raw_data
(336, 3, 720, 1440)
clips
(2, 14, 2)
dims
(1, 3)
input_raw_data
(336, 3, 720, 1440)
/scratch/08589/hvtran/download/era5_train_0901002003_3_24hr.npz
clips
(2, 14, 2)
dims
(1, 3)
input_raw_data
(336, 3, 720, 1440)
clips
(2, 61, 2)
dims
(1, 3)
input_raw_data
(1464, 3, 720, 1440)
2023-03-01 18:45:35 itr: 850
training loss: 0.030073661357164383
current best loss: 0.028442
save model to /work/08589/hvtran/ls6/ERA5_PredRNN-main/predrnn-pytorch/checkpoints/era5_predrnn/model.ckpt-best
2023-03-01 19:08:47 itr: 900
training loss: 0.030232928693294525
current best loss: 0.028327
save model to /work/08589/hvtran/ls6/ERA5_PredRNN-main/predrnn-pytorch/checkpoints/era5_predrnn/model.ckpt-best
/scratch/08589/hvtran/download/era5_train_0901002007_3_24hr.npz
clips
(2, 14, 2)
dims
(1, 3)
input_raw_data
(336, 3, 720, 1440)
clips
(2, 61, 2)
dims
(1, 3)
input_raw_data
(1464, 3, 720, 1440)
current best loss: 0.028148
save model to /work/08589/hvtran/ls6/ERA5_PredRNN-main/predrnn-pytorch/checkpoints/era5_predrnn/model.ckpt-best
current best loss: 0.027706
save model to /work/08589/hvtran/ls6/ERA5_PredRNN-main/predrnn-pytorch/checkpoints/era5_predrnn/model.ckpt-best
2023-03-01 19:33:38 itr: 950
training loss: 0.03123372793197632
current best loss: 0.027249
save model to /work/08589/hvtran/ls6/ERA5_PredRNN-main/predrnn-pytorch/checkpoints/era5_predrnn/model.ckpt-best
/scratch/08589/hvtran/download/era5_train_0901002002_3_24hr.npz
clips
(2, 14, 2)
dims
(1, 3)
input_raw_data
(336, 3, 720, 1440)
clips
(2, 61, 2)
dims
(1, 3)
input_raw_data
(1464, 3, 720, 1440)
current best loss: 0.026399
save model to /work/08589/hvtran/ls6/ERA5_PredRNN-main/predrnn-pytorch/checkpoints/era5_predrnn/model.ckpt-best
2023-03-01 19:58:39 itr: 1000
training loss: 0.031249400228261948
/scratch/08589/hvtran/download/era5_train_0901002013_3_24hr.npz
clips
(2, 14, 2)
dims
(1, 3)
input_raw_data
(336, 3, 720, 1440)
clips
(2, 61, 2)
dims
(1, 3)
input_raw_data
(1464, 3, 720, 1440)
2023-03-01 20:23:15 itr: 1050
training loss: 0.028793517500162125
/work/08589/hvtran/ls6/ERA5_PredRNN-main/era5_train_1001002016_3_24hr.npz
clips
(2, 14, 2)
dims
(1, 3)
input_raw_data
(336, 3, 720, 1440)
clips
(2, 14, 2)
dims
(1, 3)
input_raw_data
(336, 3, 720, 1440)
/work/08589/hvtran/ls6/ERA5_PredRNN-main/era5_train_0921002022_3_24hr.npz
clips
(2, 14, 2)
dims
(1, 3)
input_raw_data
(336, 3, 720, 1440)
clips
(2, 14, 2)
dims
(1, 3)
input_raw_data
(336, 3, 720, 1440)
2023-03-01 20:47:19 itr: 1100
training loss: 0.03316305950284004
/scratch/08589/hvtran/download/era5_train_0901002000_3_24hr.npz
clips
(2, 14, 2)
dims
(1, 3)
input_raw_data
(336, 3, 720, 1440)
clips
(2, 61, 2)
dims
(1, 3)
input_raw_data
(1464, 3, 720, 1440)
2023-03-01 21:11:53 itr: 1150
training loss: 0.028852805495262146
current best loss: 0.02636
save model to /work/08589/hvtran/ls6/ERA5_PredRNN-main/predrnn-pytorch/checkpoints/era5_predrnn/model.ckpt-best
current best loss: 0.026227
save model to /work/08589/hvtran/ls6/ERA5_PredRNN-main/predrnn-pytorch/checkpoints/era5_predrnn/model.ckpt-best
/scratch/08589/hvtran/download/era5_train_0901002012_3_24hr.npz
clips
(2, 14, 2)
dims
(1, 3)
input_raw_data
(336, 3, 720, 1440)
clips
(2, 61, 2)
dims
(1, 3)
input_raw_data
(1464, 3, 720, 1440)
2023-03-01 21:36:41 itr: 1200
training loss: 0.02726754918694496
/scratch/08589/hvtran/download/era5_train_0901002010_3_24hr.npz
clips
(2, 14, 2)
dims
(1, 3)
input_raw_data
(336, 3, 720, 1440)
clips
(2, 61, 2)
dims
(1, 3)
input_raw_data
(1464, 3, 720, 1440)
2023-03-01 22:01:23 itr: 1250
training loss: 0.027970612049102783
/work/08589/hvtran/ls6/ERA5_PredRNN-main/era5_train_0827002021_3_24hr.npz
clips
(2, 14, 2)
dims
(1, 3)
input_raw_data
(336, 3, 720, 1440)
clips
(2, 14, 2)
dims
(1, 3)
input_raw_data
(336, 3, 720, 1440)
2023-03-01 22:24:54 itr: 1300
training loss: 0.034201472997665405
/scratch/08589/hvtran/download/era5_train_0901002005_3_24hr.npz
clips
(2, 14, 2)
dims
(1, 3)
input_raw_data
(336, 3, 720, 1440)
clips
(2, 61, 2)
dims
(1, 3)
input_raw_data
(1464, 3, 720, 1440)
current best loss: 0.025975
save model to /work/08589/hvtran/ls6/ERA5_PredRNN-main/predrnn-pytorch/checkpoints/era5_predrnn/model.ckpt-best
current best loss: 0.025958
save model to /work/08589/hvtran/ls6/ERA5_PredRNN-main/predrnn-pytorch/checkpoints/era5_predrnn/model.ckpt-best
2023-03-01 22:49:52 itr: 1350
training loss: 0.026780713349580765
current best loss: 0.024307
save model to /work/08589/hvtran/ls6/ERA5_PredRNN-main/predrnn-pytorch/checkpoints/era5_predrnn/model.ckpt-best
/scratch/08589/hvtran/download/era5_train_0901002011_3_24hr.npz
clips
(2, 14, 2)
dims
(1, 3)
input_raw_data
(336, 3, 720, 1440)
clips
(2, 61, 2)
dims
(1, 3)
input_raw_data
(1464, 3, 720, 1440)
2023-03-01 23:14:42 itr: 1400
training loss: 3.244081974029541
/scratch/08589/hvtran/download/era5_train_0901002009_3_24hr.npz
clips
(2, 14, 2)
dims
(1, 3)
input_raw_data
(336, 3, 720, 1440)
clips
(2, 61, 2)
dims
(1, 3)
input_raw_data
(1464, 3, 720, 1440)
2023-03-01 23:39:19 itr: 1450
training loss: 0.02750549465417862
/scratch/08589/hvtran/download/era5_train_0901002008_3_24hr.npz
clips
(2, 14, 2)
dims
(1, 3)
input_raw_data
(336, 3, 720, 1440)
clips
(2, 61, 2)
dims
(1, 3)
input_raw_data
(1464, 3, 720, 1440)
2023-03-02 00:03:57 itr: 1500
training loss: 0.026565108448266983
/scratch/08589/hvtran/download/era5_train_0901002004_3_24hr.npz
clips
(2, 14, 2)
dims
(1, 3)
input_raw_data
(336, 3, 720, 1440)
clips
(2, 61, 2)
dims
(1, 3)
input_raw_data
(1464, 3, 720, 1440)
2023-03-02 00:28:55 itr: 1550
training loss: 0.026379792019724846
2023-03-02 00:52:03 itr: 1600
training loss: 0.027296096086502075
/scratch/08589/hvtran/download/era5_train_0901002014_3_24hr.npz
clips
(2, 14, 2)
dims
(1, 3)
input_raw_data
(336, 3, 720, 1440)
clips
(2, 61, 2)
dims
(1, 3)
input_raw_data
(1464, 3, 720, 1440)
2023-03-02 01:16:56 itr: 1650
training loss: 0.026406042277812958
/scratch/08589/hvtran/download/era5_train_0901002006_3_24hr.npz
clips
(2, 14, 2)
dims
(1, 3)
input_raw_data
(336, 3, 720, 1440)
clips
(2, 61, 2)
dims
(1, 3)
input_raw_data
(1464, 3, 720, 1440)
2023-03-02 01:41:36 itr: 1700
training loss: 0.027610186487436295
/work/08589/hvtran/ls6/ERA5_PredRNN-main/era5_train_0825002005_3_24hr.npz
clips
(2, 14, 2)
dims
(1, 3)
input_raw_data
(336, 3, 720, 1440)
clips
(2, 14, 2)
dims
(1, 3)
input_raw_data
(336, 3, 720, 1440)
/scratch/08589/hvtran/download/era5_train_0901002001_3_24hr.npz
clips
(2, 14, 2)
dims
(1, 3)
input_raw_data
(336, 3, 720, 1440)
clips
(2, 61, 2)
dims
(1, 3)
input_raw_data
(1464, 3, 720, 1440)
2023-03-02 02:06:43 itr: 1750
training loss: 0.025638125836849213
/work/08589/hvtran/ls6/ERA5_PredRNN-main/era5_train_1001002015_3_24hr.npz
clips
(2, 14, 2)
dims
(1, 3)
input_raw_data
(336, 3, 720, 1440)
clips
(2, 14, 2)
dims
(1, 3)
input_raw_data
(336, 3, 720, 1440)
2023-03-02 02:30:19 itr: 1800
training loss: 0.029408173635601997
/scratch/08589/hvtran/download/era5_train_0901002003_3_24hr.npz
clips
(2, 14, 2)
dims
(1, 3)
input_raw_data
(336, 3, 720, 1440)
clips
(2, 61, 2)
dims
(1, 3)
input_raw_data
(1464, 3, 720, 1440)
current best loss: 0.024243
save model to /work/08589/hvtran/ls6/ERA5_PredRNN-main/predrnn-pytorch/checkpoints/era5_predrnn/model.ckpt-best
2023-03-02 02:54:51 itr: 1850
training loss: 0.026534803211688995
/scratch/08589/hvtran/download/era5_train_0901002007_3_24hr.npz
clips
(2, 14, 2)
dims
(1, 3)
input_raw_data
(336, 3, 720, 1440)
clips
(2, 61, 2)
dims
(1, 3)
input_raw_data
(1464, 3, 720, 1440)
current best loss: 0.024028
save model to /work/08589/hvtran/ls6/ERA5_PredRNN-main/predrnn-pytorch/checkpoints/era5_predrnn/model.ckpt-best
2023-03-02 03:19:35 itr: 1900
training loss: 0.025662560015916824
/scratch/08589/hvtran/download/era5_train_0901002002_3_24hr.npz
clips
(2, 14, 2)
dims
(1, 3)
input_raw_data
(336, 3, 720, 1440)
clips
(2, 61, 2)
dims
(1, 3)
input_raw_data
(1464, 3, 720, 1440)
current best loss: 0.023723
save model to /work/08589/hvtran/ls6/ERA5_PredRNN-main/predrnn-pytorch/checkpoints/era5_predrnn/model.ckpt-best
2023-03-02 03:44:24 itr: 1950
training loss: 0.02688910812139511
current best loss: 0.023191
save model to /work/08589/hvtran/ls6/ERA5_PredRNN-main/predrnn-pytorch/checkpoints/era5_predrnn/model.ckpt-best
/scratch/08589/hvtran/download/era5_train_0901002013_3_24hr.npz
clips
(2, 14, 2)
dims
(1, 3)
input_raw_data
(336, 3, 720, 1440)
clips
(2, 61, 2)
dims
(1, 3)
input_raw_data
(1464, 3, 720, 1440)
2023-03-02 04:09:35 itr: 2000
training loss: 0.023784950375556946
save model to /work/08589/hvtran/ls6/ERA5_PredRNN-main/predrnn-pytorch/checkpoints/era5_predrnn/model.ckpt-2000
2023-03-02 04:32:41 itr: 2050
training loss: 0.02504284679889679
/work/08589/hvtran/ls6/ERA5_PredRNN-main/era5_train_1001002016_3_24hr.npz
clips
(2, 14, 2)
dims
(1, 3)
input_raw_data
(336, 3, 720, 1440)
clips
(2, 14, 2)
dims
(1, 3)
input_raw_data
(336, 3, 720, 1440)
/work/08589/hvtran/ls6/ERA5_PredRNN-main/era5_train_0921002022_3_24hr.npz
clips
(2, 14, 2)
dims
(1, 3)
input_raw_data
(336, 3, 720, 1440)
clips
(2, 14, 2)
dims
(1, 3)
input_raw_data
(336, 3, 720, 1440)
/scratch/08589/hvtran/download/era5_train_0901002000_3_24hr.npz
clips
(2, 14, 2)
dims
(1, 3)
input_raw_data
(336, 3, 720, 1440)
clips
(2, 61, 2)
dims
(1, 3)
input_raw_data
(1464, 3, 720, 1440)
2023-03-02 04:58:05 itr: 2100
training loss: 0.02359524741768837
/scratch/08589/hvtran/download/era5_train_0901002012_3_24hr.npz
clips
(2, 14, 2)
dims
(1, 3)
input_raw_data
(336, 3, 720, 1440)
clips
(2, 61, 2)
dims
(1, 3)
input_raw_data
(1464, 3, 720, 1440)
2023-03-02 05:23:04 itr: 2150
training loss: 0.026236288249492645
/scratch/08589/hvtran/download/era5_train_0901002010_3_24hr.npz
clips
(2, 14, 2)
dims
(1, 3)
input_raw_data
(336, 3, 720, 1440)
clips
(2, 61, 2)
dims
(1, 3)
input_raw_data
(1464, 3, 720, 1440)
2023-03-02 05:48:12 itr: 2200
training loss: 0.02817685529589653
2023-03-02 06:11:18 itr: 2250
training loss: 0.025917861610651016
/work/08589/hvtran/ls6/ERA5_PredRNN-main/era5_train_0827002021_3_24hr.npz
clips
(2, 14, 2)
dims
(1, 3)
input_raw_data
(336, 3, 720, 1440)
clips
(2, 14, 2)
dims
(1, 3)
input_raw_data
(336, 3, 720, 1440)
/scratch/08589/hvtran/download/era5_train_0901002005_3_24hr.npz
clips
(2, 14, 2)
dims
(1, 3)
input_raw_data
(336, 3, 720, 1440)
clips
(2, 61, 2)
dims
(1, 3)
input_raw_data
(1464, 3, 720, 1440)
2023-03-02 06:37:23 itr: 2300
training loss: 0.026295669376850128
current best loss: 0.023027
save model to /work/08589/hvtran/ls6/ERA5_PredRNN-main/predrnn-pytorch/checkpoints/era5_predrnn/model.ckpt-best
current best loss: 0.022722
save model to /work/08589/hvtran/ls6/ERA5_PredRNN-main/predrnn-pytorch/checkpoints/era5_predrnn/model.ckpt-best
current best loss: 0.02229
save model to /work/08589/hvtran/ls6/ERA5_PredRNN-main/predrnn-pytorch/checkpoints/era5_predrnn/model.ckpt-best
/scratch/08589/hvtran/download/era5_train_0901002011_3_24hr.npz
clips
(2, 14, 2)
dims
(1, 3)
input_raw_data
(336, 3, 720, 1440)
clips
(2, 61, 2)
dims
(1, 3)
input_raw_data
(1464, 3, 720, 1440)
2023-03-02 07:02:24 itr: 2350
training loss: 0.025917019695043564
/scratch/08589/hvtran/download/era5_train_0901002009_3_24hr.npz
clips
(2, 14, 2)
dims
(1, 3)
input_raw_data
(336, 3, 720, 1440)
clips
(2, 61, 2)
dims
(1, 3)
input_raw_data
(1464, 3, 720, 1440)
2023-03-02 07:27:08 itr: 2400
training loss: 0.024577155709266663
/scratch/08589/hvtran/download/era5_train_0901002008_3_24hr.npz
clips
(2, 14, 2)
dims
(1, 3)
input_raw_data
(336, 3, 720, 1440)
clips
(2, 61, 2)
dims
(1, 3)
input_raw_data
(1464, 3, 720, 1440)
2023-03-02 07:51:47 itr: 2450
training loss: 0.02464209869503975
2023-03-02 08:14:52 itr: 2500
training loss: 0.025370532646775246
/scratch/08589/hvtran/download/era5_train_0901002004_3_24hr.npz
clips
(2, 14, 2)
dims
(1, 3)
input_raw_data
(336, 3, 720, 1440)
clips
(2, 61, 2)
dims
(1, 3)
input_raw_data
(1464, 3, 720, 1440)
2023-03-02 08:39:24 itr: 2550
training loss: 0.026526182889938354
/scratch/08589/hvtran/download/era5_train_0901002014_3_24hr.npz
clips
(2, 14, 2)
dims
(1, 3)
input_raw_data
(336, 3, 720, 1440)
clips
(2, 61, 2)
dims
(1, 3)
input_raw_data
(1464, 3, 720, 1440)
2023-03-02 09:04:03 itr: 2600
training loss: 0.025399431586265564
/scratch/08589/hvtran/download/era5_train_0901002006_3_24hr.npz
clips
(2, 14, 2)
dims
(1, 3)
input_raw_data
(336, 3, 720, 1440)
clips
(2, 61, 2)
dims
(1, 3)
input_raw_data
(1464, 3, 720, 1440)
2023-03-02 09:29:04 itr: 2650
training loss: 0.02388174459338188
/work/08589/hvtran/ls6/ERA5_PredRNN-main/era5_train_0825002005_3_24hr.npz
clips
(2, 14, 2)
dims
(1, 3)
input_raw_data
(336, 3, 720, 1440)
clips
(2, 14, 2)
dims
(1, 3)
input_raw_data
(336, 3, 720, 1440)
2023-03-02 09:52:42 itr: 2700
training loss: 0.029409103095531464
/scratch/08589/hvtran/download/era5_train_0901002001_3_24hr.npz
clips
(2, 14, 2)
dims
(1, 3)
input_raw_data
(336, 3, 720, 1440)
clips
(2, 61, 2)
dims
(1, 3)
input_raw_data
(1464, 3, 720, 1440)
2023-03-02 10:17:51 itr: 2750
training loss: 0.0244780033826828
/work/08589/hvtran/ls6/ERA5_PredRNN-main/era5_train_1001002015_3_24hr.npz
clips
(2, 14, 2)
dims
(1, 3)
input_raw_data
(336, 3, 720, 1440)
clips
(2, 14, 2)
dims
(1, 3)
input_raw_data
(336, 3, 720, 1440)
/scratch/08589/hvtran/download/era5_train_0901002003_3_24hr.npz
clips
(2, 14, 2)
dims
(1, 3)
input_raw_data
(336, 3, 720, 1440)
clips
(2, 61, 2)
dims
(1, 3)
input_raw_data
(1464, 3, 720, 1440)
2023-03-02 10:43:05 itr: 2800
training loss: 0.023578017950057983
/scratch/08589/hvtran/download/era5_train_0901002007_3_24hr.npz
clips
(2, 14, 2)
dims
(1, 3)
input_raw_data
(336, 3, 720, 1440)
clips
(2, 61, 2)
dims
(1, 3)
input_raw_data
(1464, 3, 720, 1440)
2023-03-02 11:08:06 itr: 2850
training loss: 0.024908825755119324
current best loss: 0.021869
save model to /work/08589/hvtran/ls6/ERA5_PredRNN-main/predrnn-pytorch/checkpoints/era5_predrnn/model.ckpt-best
/scratch/08589/hvtran/download/era5_train_0901002002_3_24hr.npz
clips
(2, 14, 2)
dims
(1, 3)
input_raw_data
(336, 3, 720, 1440)
clips
(2, 61, 2)
dims
(1, 3)
input_raw_data
(1464, 3, 720, 1440)
2023-03-02 11:33:07 itr: 2900
training loss: 0.024309217929840088
2023-03-02 11:56:10 itr: 2950
training loss: 0.02320462465286255
/scratch/08589/hvtran/download/era5_train_0901002013_3_24hr.npz
clips
(2, 14, 2)
dims
(1, 3)
input_raw_data
(336, 3, 720, 1440)
clips
(2, 61, 2)
dims
(1, 3)
input_raw_data
(1464, 3, 720, 1440)
2023-03-02 12:20:54 itr: 3000
training loss: 0.024838607758283615
/work/08589/hvtran/ls6/ERA5_PredRNN-main/era5_train_1001002016_3_24hr.npz
clips
(2, 14, 2)
dims
(1, 3)
input_raw_data
(336, 3, 720, 1440)
clips
(2, 14, 2)
dims
(1, 3)
input_raw_data
(336, 3, 720, 1440)
/work/08589/hvtran/ls6/ERA5_PredRNN-main/era5_train_0921002022_3_24hr.npz
clips
(2, 14, 2)
dims
(1, 3)
input_raw_data
(336, 3, 720, 1440)
clips
(2, 14, 2)
dims
(1, 3)
input_raw_data
(336, 3, 720, 1440)
/scratch/08589/hvtran/download/era5_train_0901002000_3_24hr.npz
clips
(2, 14, 2)
dims
(1, 3)
input_raw_data
(336, 3, 720, 1440)
clips
(2, 61, 2)
dims
(1, 3)
input_raw_data
(1464, 3, 720, 1440)
2023-03-02 12:46:21 itr: 3050
training loss: 0.023911485448479652
2023-03-02 13:09:26 itr: 3100
training loss: 0.023503895848989487
/scratch/08589/hvtran/download/era5_train_0901002012_3_24hr.npz
clips
(2, 14, 2)
dims
(1, 3)
input_raw_data
(336, 3, 720, 1440)
clips
(2, 61, 2)
dims
(1, 3)
input_raw_data
(1464, 3, 720, 1440)
2023-03-02 13:34:06 itr: 3150
training loss: 0.02354607731103897
/scratch/08589/hvtran/download/era5_train_0901002010_3_24hr.npz
clips
(2, 14, 2)
dims
(1, 3)
input_raw_data
(336, 3, 720, 1440)
clips
(2, 61, 2)
dims
(1, 3)
input_raw_data
(1464, 3, 720, 1440)
2023-03-02 13:58:43 itr: 3200
training loss: 0.022984912618994713
/work/08589/hvtran/ls6/ERA5_PredRNN-main/era5_train_0827002021_3_24hr.npz
clips
(2, 14, 2)
dims
(1, 3)
input_raw_data
(336, 3, 720, 1440)
clips
(2, 14, 2)
dims
(1, 3)
input_raw_data
(336, 3, 720, 1440)
/scratch/08589/hvtran/download/era5_train_0901002005_3_24hr.npz
clips
(2, 14, 2)
dims
(1, 3)
input_raw_data
(336, 3, 720, 1440)
clips
(2, 61, 2)
dims
(1, 3)
input_raw_data
(1464, 3, 720, 1440)
2023-03-02 14:23:52 itr: 3250
training loss: 0.02333415299654007
current best loss: 0.021843
save model to /work/08589/hvtran/ls6/ERA5_PredRNN-main/predrnn-pytorch/checkpoints/era5_predrnn/model.ckpt-best
current best loss: 0.021515
save model to /work/08589/hvtran/ls6/ERA5_PredRNN-main/predrnn-pytorch/checkpoints/era5_predrnn/model.ckpt-best
current best loss: 0.021344
save model to /work/08589/hvtran/ls6/ERA5_PredRNN-main/predrnn-pytorch/checkpoints/era5_predrnn/model.ckpt-best
/scratch/08589/hvtran/download/era5_train_0901002011_3_24hr.npz
clips
(2, 14, 2)
dims
(1, 3)
input_raw_data
(336, 3, 720, 1440)
clips
(2, 61, 2)
dims
(1, 3)
input_raw_data
(1464, 3, 720, 1440)
2023-03-02 14:48:56 itr: 3300
training loss: 0.02509922906756401
2023-03-02 15:12:04 itr: 3350
training loss: 0.02255139872431755
/scratch/08589/hvtran/download/era5_train_0901002009_3_24hr.npz
clips
(2, 14, 2)
dims
(1, 3)
input_raw_data
(336, 3, 720, 1440)
clips
(2, 61, 2)
dims
(1, 3)
input_raw_data
(1464, 3, 720, 1440)
2023-03-02 15:36:44 itr: 3400
training loss: 0.0231011975556612
/scratch/08589/hvtran/download/era5_train_0901002008_3_24hr.npz
clips
(2, 14, 2)
dims
(1, 3)
input_raw_data
(336, 3, 720, 1440)
clips
(2, 61, 2)
dims
(1, 3)
input_raw_data
(1464, 3, 720, 1440)
2023-03-02 16:01:27 itr: 3450
training loss: 0.022998634725809097
/scratch/08589/hvtran/download/era5_train_0901002004_3_24hr.npz
clips
(2, 14, 2)
dims
(1, 3)
input_raw_data
(336, 3, 720, 1440)
clips
(2, 61, 2)
dims
(1, 3)
input_raw_data
(1464, 3, 720, 1440)
2023-03-02 16:26:10 itr: 3500
training loss: 0.02267461083829403
/scratch/08589/hvtran/download/era5_train_0901002014_3_24hr.npz
clips
(2, 14, 2)
dims
(1, 3)
input_raw_data
(336, 3, 720, 1440)
clips
(2, 61, 2)
dims
(1, 3)
input_raw_data
(1464, 3, 720, 1440)
2023-03-02 16:51:03 itr: 3550
training loss: 0.02338401973247528
/scratch/08589/hvtran/download/era5_train_0901002006_3_24hr.npz
clips
(2, 14, 2)
dims
(1, 3)
input_raw_data
(336, 3, 720, 1440)
clips
(2, 61, 2)
dims
(1, 3)
input_raw_data
(1464, 3, 720, 1440)
2023-03-02 17:15:39 itr: 3600
training loss: 0.02416917495429516
current best loss: 0.021111
save model to /work/08589/hvtran/ls6/ERA5_PredRNN-main/predrnn-pytorch/checkpoints/era5_predrnn/model.ckpt-best
2023-03-02 17:38:48 itr: 3650
training loss: 0.02353586256504059
/work/08589/hvtran/ls6/ERA5_PredRNN-main/era5_train_0825002005_3_24hr.npz
clips
(2, 14, 2)
dims
(1, 3)
input_raw_data
(336, 3, 720, 1440)
clips
(2, 14, 2)
dims
(1, 3)
input_raw_data
(336, 3, 720, 1440)
/scratch/08589/hvtran/download/era5_train_0901002001_3_24hr.npz
clips
(2, 14, 2)
dims
(1, 3)
input_raw_data
(336, 3, 720, 1440)
clips
(2, 61, 2)
dims
(1, 3)
input_raw_data
(1464, 3, 720, 1440)
2023-03-02 18:04:08 itr: 3700
training loss: 0.024347569793462753
/work/08589/hvtran/ls6/ERA5_PredRNN-main/era5_train_1001002015_3_24hr.npz
clips
(2, 14, 2)
dims
(1, 3)
input_raw_data
(336, 3, 720, 1440)
clips
(2, 14, 2)
dims
(1, 3)
input_raw_data
(336, 3, 720, 1440)
/scratch/08589/hvtran/download/era5_train_0901002003_3_24hr.npz
clips
(2, 14, 2)
dims
(1, 3)
input_raw_data
(336, 3, 720, 1440)
clips
(2, 61, 2)
dims
(1, 3)
input_raw_data
(1464, 3, 720, 1440)
2023-03-02 18:29:18 itr: 3750
training loss: 0.023990260437130928
2023-03-02 18:52:27 itr: 3800
training loss: 0.02413087897002697
/scratch/08589/hvtran/download/era5_train_0901002007_3_24hr.npz
clips
(2, 14, 2)
dims
(1, 3)
input_raw_data
(336, 3, 720, 1440)
clips
(2, 61, 2)
dims
(1, 3)
input_raw_data
(1464, 3, 720, 1440)
2023-03-02 19:17:13 itr: 3850
training loss: 0.021591302007436752
/scratch/08589/hvtran/download/era5_train_0901002002_3_24hr.npz
clips
(2, 14, 2)
dims
(1, 3)
input_raw_data
(336, 3, 720, 1440)
clips
(2, 61, 2)
dims
(1, 3)
input_raw_data
(1464, 3, 720, 1440)
current best loss: 0.02103
save model to /work/08589/hvtran/ls6/ERA5_PredRNN-main/predrnn-pytorch/checkpoints/era5_predrnn/model.ckpt-best
current best loss: 0.020566
save model to /work/08589/hvtran/ls6/ERA5_PredRNN-main/predrnn-pytorch/checkpoints/era5_predrnn/model.ckpt-best
2023-03-02 19:42:18 itr: 3900
training loss: 0.023923050612211227
current best loss: 0.020358
save model to /work/08589/hvtran/ls6/ERA5_PredRNN-main/predrnn-pytorch/checkpoints/era5_predrnn/model.ckpt-best
/scratch/08589/hvtran/download/era5_train_0901002013_3_24hr.npz
clips
(2, 14, 2)
dims
(1, 3)
input_raw_data
(336, 3, 720, 1440)
clips
(2, 61, 2)
dims
(1, 3)
input_raw_data
(1464, 3, 720, 1440)
2023-03-02 20:07:00 itr: 3950
training loss: 0.02407548949122429
/work/08589/hvtran/ls6/ERA5_PredRNN-main/era5_train_1001002016_3_24hr.npz
clips
(2, 14, 2)
dims
(1, 3)
input_raw_data
(336, 3, 720, 1440)
clips
(2, 14, 2)
dims
(1, 3)
input_raw_data
(336, 3, 720, 1440)
/work/08589/hvtran/ls6/ERA5_PredRNN-main/era5_train_0921002022_3_24hr.npz
clips
(2, 14, 2)
dims
(1, 3)
input_raw_data
(336, 3, 720, 1440)
clips
(2, 14, 2)
dims
(1, 3)
input_raw_data
(336, 3, 720, 1440)
2023-03-02 20:31:06 itr: 4000
training loss: 0.026362590491771698
save model to /work/08589/hvtran/ls6/ERA5_PredRNN-main/predrnn-pytorch/checkpoints/era5_predrnn/model.ckpt-4000
/scratch/08589/hvtran/download/era5_train_0901002000_3_24hr.npz
clips
(2, 14, 2)
dims
(1, 3)
input_raw_data
(336, 3, 720, 1440)
clips
(2, 61, 2)
dims
(1, 3)
input_raw_data
(1464, 3, 720, 1440)
2023-03-02 20:55:44 itr: 4050
training loss: 0.023817379027605057
/scratch/08589/hvtran/download/era5_train_0901002012_3_24hr.npz
clips
(2, 14, 2)
dims
(1, 3)
input_raw_data
(336, 3, 720, 1440)
clips
(2, 61, 2)
dims
(1, 3)
input_raw_data
(1464, 3, 720, 1440)
2023-03-02 21:20:29 itr: 4100
training loss: 0.024396240711212158
/scratch/08589/hvtran/download/era5_train_0901002010_3_24hr.npz
clips
(2, 14, 2)
dims
(1, 3)
input_raw_data
(336, 3, 720, 1440)
clips
(2, 61, 2)
dims
(1, 3)
input_raw_data
(1464, 3, 720, 1440)
2023-03-02 21:45:09 itr: 4150
training loss: 0.023575812578201294
/work/08589/hvtran/ls6/ERA5_PredRNN-main/era5_train_0827002021_3_24hr.npz
clips
(2, 14, 2)
dims
(1, 3)
input_raw_data
(336, 3, 720, 1440)
clips
(2, 14, 2)
dims
(1, 3)
input_raw_data
(336, 3, 720, 1440)
/scratch/08589/hvtran/download/era5_train_0901002005_3_24hr.npz
clips
(2, 14, 2)
dims
(1, 3)
input_raw_data
(336, 3, 720, 1440)
clips
(2, 61, 2)
dims
(1, 3)
input_raw_data
(1464, 3, 720, 1440)
2023-03-02 22:10:30 itr: 4200
training loss: 0.022295031696558
2023-03-02 22:33:36 itr: 4250
training loss: 0.02401256561279297
/scratch/08589/hvtran/download/era5_train_0901002011_3_24hr.npz
clips
(2, 14, 2)
dims
(1, 3)
input_raw_data
(336, 3, 720, 1440)
clips
(2, 61, 2)
dims
(1, 3)
input_raw_data
(1464, 3, 720, 1440)
slurmstepd: error: *** JOB 730069 ON c317-013 CANCELLED AT 2023-03-02T22:43:01 DUE TO TIME LIMIT ***
