2023-01-08 00:05:24.763889: W tensorflow/stream_executor/platform/default/dso_loader.cc:64] Could not load dynamic library 'libcudart.so.11.0'; dlerror: libcudart.so.11.0: cannot open shared object file: No such file or directory; LD_LIBRARY_PATH: /home1/08589/hvtran/.local/lib/python3.9/site-packages/cv2/../../lib64:/opt/apps/pmix/3.2.3/lib:/opt/apps/intel19/python3/3.9.7/lib:/opt/intel/compilers_and_libraries_2020.4.304/linux/mpi/intel64/libfabric/lib:/opt/intel/compilers_and_libraries_2020.4.304/linux/mpi/intel64/lib/release:/opt/intel/compilers_and_libraries_2020.4.304/linux/mpi/intel64/lib:/opt/intel/debugger_2020/libipt/intel64/lib:/opt/intel/compilers_and_libraries_2020.1.217/linux/daal/lib/intel64_lin:/opt/intel/compilers_and_libraries_2020.1.217/linux/tbb/lib/intel64_lin/gcc4.8:/opt/intel/compilers_and_libraries_2020.1.217/linux/mkl/lib/intel64_lin:/opt/intel/compilers_and_libraries_2020.1.217/linux/ipp/lib/intel64:/opt/intel/compilers_and_libraries_2020.1.217/linux/compiler/lib/intel64_lin:/opt/apps/gcc/9.4.0/lib64:/opt/apps/gcc/9.4.0/lib:/usr/lib64
2023-01-08 00:05:24.764383: I tensorflow/stream_executor/cuda/cudart_stub.cc:29] Ignore above cudart dlerror if you do not have a GPU set up on your machine.
Setting up [LPIPS] perceptual loss: trunk [alex], v[0.1], spatial [off]
Loading model from: /home1/08589/hvtran/.local/lib/python3.9/site-packages/lpips/weights/v0.1/alex.pth
Namespace(is_training=1, device='cuda', dataset_name='mnist', train_data_paths='/work/08589/hvtran/ls6/ERA5_PredRNN-main/era5_train_1024002012_3_24hr.npz,/work/08589/hvtran/ls6/ERA5_PredRNN-main/era5_train_1001002015_3_24hr.npz,/work/08589/hvtran/ls6/ERA5_PredRNN-main/era5_train_1001002016_3_24hr.npz,/work/08589/hvtran/ls6/ERA5_PredRNN-main/era5_train_0827002021_3_24hr.npz', valid_data_paths='/work/08589/hvtran/ls6/ERA5_PredRNN-main/era5_train_0921002022_3_24hr.npz', save_dir='/work/08589/hvtran/ls6/ERA5_PredRNN-main/predrnn-pytorch/checkpoints/era5_predrnn_sea_press', gen_frm_dir='/work/08589/hvtran/ls6/ERA5_PredRNN-main/predrnn-pytorch/checkpoints/era5_predrnn_sea_press', input_length=24, total_length=48, img_width=1440, img_height=720, img_channel=1, img_layers='1,0,2', concurent_step=1, use_weight=0, layer_weight='20', skip_time=1, wavelet='db1', center_enhance=True, layer_need_enhance=0, find_max=False, multiply=1.1, model_name='predrnn_v2', pretrained_model='/work/08589/hvtran/ls6/ERA5_PredRNN-main/model.ckpt-best-sea_press', num_hidden='256,256,256,256', filter_size=5, stride=1, patch_size=15, patch_size1=4, layer_norm=1, decouple_beta=0.05, reverse_scheduled_sampling=1, r_sampling_step_1=25000.0, r_sampling_step_2=50000, r_exp_alpha=2500, scheduled_sampling=1, sampling_stop_iter=50000, sampling_start_value=1.0, sampling_changing_rate=2e-05, lr=0.0002, reverse_input=1, batch_size=1, max_iterations=10000, display_interval=50, test_interval=1000000, snapshot_interval=2000, num_save_samples=10, n_gpu=1, visual=0, visual_path='./decoupling_visual', injection_action='concat', conv_on_input=0, res_on_conv=0, num_action_ch=4, is_static=0, is_scale=0, out_scale1='', out_scale2='', in_scale1='', in_scale2='', noise_val=0, out_channel=5, stat_layers=8, stat_layers2=5, out_weights='', curr_best_loss=0.05, isloss=1, is_logscale=0, is_WV=0)
Initializing models
load model: /work/08589/hvtran/ls6/ERA5_PredRNN-main/model.ckpt-best-sea_press
clips
(2, 14, 2)
dims
(1, 3)
input_raw_data
(336, 1, 720, 1440)
clips
(2, 55, 2)
dims
(1, 3)
input_raw_data
(1344, 1, 720, 1440)
current best loss: 0.044931
save model to /work/08589/hvtran/ls6/ERA5_PredRNN-main/predrnn-pytorch/checkpoints/era5_predrnn_sea_press/model.ckpt-best
current best loss: 0.044374
save model to /work/08589/hvtran/ls6/ERA5_PredRNN-main/predrnn-pytorch/checkpoints/era5_predrnn_sea_press/model.ckpt-best
current best loss: 0.033683
save model to /work/08589/hvtran/ls6/ERA5_PredRNN-main/predrnn-pytorch/checkpoints/era5_predrnn_sea_press/model.ckpt-best
current best loss: 0.033577
save model to /work/08589/hvtran/ls6/ERA5_PredRNN-main/predrnn-pytorch/checkpoints/era5_predrnn_sea_press/model.ckpt-best
current best loss: 0.031109
save model to /work/08589/hvtran/ls6/ERA5_PredRNN-main/predrnn-pytorch/checkpoints/era5_predrnn_sea_press/model.ckpt-best
current best loss: 0.030787
save model to /work/08589/hvtran/ls6/ERA5_PredRNN-main/predrnn-pytorch/checkpoints/era5_predrnn_sea_press/model.ckpt-best
current best loss: 0.027182
save model to /work/08589/hvtran/ls6/ERA5_PredRNN-main/predrnn-pytorch/checkpoints/era5_predrnn_sea_press/model.ckpt-best
current best loss: 0.021991
save model to /work/08589/hvtran/ls6/ERA5_PredRNN-main/predrnn-pytorch/checkpoints/era5_predrnn_sea_press/model.ckpt-best
current best loss: 0.018123
save model to /work/08589/hvtran/ls6/ERA5_PredRNN-main/predrnn-pytorch/checkpoints/era5_predrnn_sea_press/model.ckpt-best
current best loss: 0.017717
save model to /work/08589/hvtran/ls6/ERA5_PredRNN-main/predrnn-pytorch/checkpoints/era5_predrnn_sea_press/model.ckpt-best
current best loss: 0.016846
save model to /work/08589/hvtran/ls6/ERA5_PredRNN-main/predrnn-pytorch/checkpoints/era5_predrnn_sea_press/model.ckpt-best
current best loss: 0.015218
save model to /work/08589/hvtran/ls6/ERA5_PredRNN-main/predrnn-pytorch/checkpoints/era5_predrnn_sea_press/model.ckpt-best
current best loss: 0.014239
save model to /work/08589/hvtran/ls6/ERA5_PredRNN-main/predrnn-pytorch/checkpoints/era5_predrnn_sea_press/model.ckpt-best
current best loss: 0.013439
save model to /work/08589/hvtran/ls6/ERA5_PredRNN-main/predrnn-pytorch/checkpoints/era5_predrnn_sea_press/model.ckpt-best
current best loss: 0.012588
save model to /work/08589/hvtran/ls6/ERA5_PredRNN-main/predrnn-pytorch/checkpoints/era5_predrnn_sea_press/model.ckpt-best
current best loss: 0.010788
save model to /work/08589/hvtran/ls6/ERA5_PredRNN-main/predrnn-pytorch/checkpoints/era5_predrnn_sea_press/model.ckpt-best
current best loss: 0.009335
save model to /work/08589/hvtran/ls6/ERA5_PredRNN-main/predrnn-pytorch/checkpoints/era5_predrnn_sea_press/model.ckpt-best
current best loss: 0.009046
save model to /work/08589/hvtran/ls6/ERA5_PredRNN-main/predrnn-pytorch/checkpoints/era5_predrnn_sea_press/model.ckpt-best
current best loss: 0.008663
save model to /work/08589/hvtran/ls6/ERA5_PredRNN-main/predrnn-pytorch/checkpoints/era5_predrnn_sea_press/model.ckpt-best
current best loss: 0.008515
save model to /work/08589/hvtran/ls6/ERA5_PredRNN-main/predrnn-pytorch/checkpoints/era5_predrnn_sea_press/model.ckpt-best
current best loss: 0.008089
save model to /work/08589/hvtran/ls6/ERA5_PredRNN-main/predrnn-pytorch/checkpoints/era5_predrnn_sea_press/model.ckpt-best
current best loss: 0.007233
save model to /work/08589/hvtran/ls6/ERA5_PredRNN-main/predrnn-pytorch/checkpoints/era5_predrnn_sea_press/model.ckpt-best
2023-01-08 00:51:40 itr: 50
training loss: 0.007232761010527611
current best loss: 0.007032
save model to /work/08589/hvtran/ls6/ERA5_PredRNN-main/predrnn-pytorch/checkpoints/era5_predrnn_sea_press/model.ckpt-best
current best loss: 0.006648
save model to /work/08589/hvtran/ls6/ERA5_PredRNN-main/predrnn-pytorch/checkpoints/era5_predrnn_sea_press/model.ckpt-best
current best loss: 0.006142
save model to /work/08589/hvtran/ls6/ERA5_PredRNN-main/predrnn-pytorch/checkpoints/era5_predrnn_sea_press/model.ckpt-best
2023-01-08 01:30:51 itr: 100
training loss: 0.006386709399521351
current best loss: 0.005717
save model to /work/08589/hvtran/ls6/ERA5_PredRNN-main/predrnn-pytorch/checkpoints/era5_predrnn_sea_press/model.ckpt-best
2023-01-08 02:09:55 itr: 150
training loss: 0.0065877498127520084
current best loss: 0.005408
save model to /work/08589/hvtran/ls6/ERA5_PredRNN-main/predrnn-pytorch/checkpoints/era5_predrnn_sea_press/model.ckpt-best
current best loss: 0.005377
save model to /work/08589/hvtran/ls6/ERA5_PredRNN-main/predrnn-pytorch/checkpoints/era5_predrnn_sea_press/model.ckpt-best
current best loss: 0.004995
save model to /work/08589/hvtran/ls6/ERA5_PredRNN-main/predrnn-pytorch/checkpoints/era5_predrnn_sea_press/model.ckpt-best
2023-01-08 02:49:02 itr: 200
training loss: 0.005981100723147392
current best loss: 0.0047
save model to /work/08589/hvtran/ls6/ERA5_PredRNN-main/predrnn-pytorch/checkpoints/era5_predrnn_sea_press/model.ckpt-best
current best loss: 0.00462
save model to /work/08589/hvtran/ls6/ERA5_PredRNN-main/predrnn-pytorch/checkpoints/era5_predrnn_sea_press/model.ckpt-best
2023-01-08 03:28:08 itr: 250
training loss: 0.005278878845274448
current best loss: 0.004545
save model to /work/08589/hvtran/ls6/ERA5_PredRNN-main/predrnn-pytorch/checkpoints/era5_predrnn_sea_press/model.ckpt-best
current best loss: 0.004387
save model to /work/08589/hvtran/ls6/ERA5_PredRNN-main/predrnn-pytorch/checkpoints/era5_predrnn_sea_press/model.ckpt-best
current best loss: 0.004226
save model to /work/08589/hvtran/ls6/ERA5_PredRNN-main/predrnn-pytorch/checkpoints/era5_predrnn_sea_press/model.ckpt-best
2023-01-08 04:07:17 itr: 300
training loss: 0.004302031360566616
current best loss: 0.004156
save model to /work/08589/hvtran/ls6/ERA5_PredRNN-main/predrnn-pytorch/checkpoints/era5_predrnn_sea_press/model.ckpt-best
current best loss: 0.00396
save model to /work/08589/hvtran/ls6/ERA5_PredRNN-main/predrnn-pytorch/checkpoints/era5_predrnn_sea_press/model.ckpt-best
current best loss: 0.003652
save model to /work/08589/hvtran/ls6/ERA5_PredRNN-main/predrnn-pytorch/checkpoints/era5_predrnn_sea_press/model.ckpt-best
2023-01-08 04:46:24 itr: 350
training loss: 0.004966258071362972
2023-01-08 05:25:24 itr: 400
training loss: 0.003684802446514368
current best loss: 0.003589
save model to /work/08589/hvtran/ls6/ERA5_PredRNN-main/predrnn-pytorch/checkpoints/era5_predrnn_sea_press/model.ckpt-best
2023-01-08 06:04:30 itr: 450
training loss: 0.0037145870737731457
current best loss: 0.003475
save model to /work/08589/hvtran/ls6/ERA5_PredRNN-main/predrnn-pytorch/checkpoints/era5_predrnn_sea_press/model.ckpt-best
current best loss: 0.003222
save model to /work/08589/hvtran/ls6/ERA5_PredRNN-main/predrnn-pytorch/checkpoints/era5_predrnn_sea_press/model.ckpt-best
2023-01-08 06:43:36 itr: 500
training loss: 0.00358164613135159
2023-01-08 07:22:38 itr: 550
training loss: 0.00344498036429286
current best loss: 0.003041
save model to /work/08589/hvtran/ls6/ERA5_PredRNN-main/predrnn-pytorch/checkpoints/era5_predrnn_sea_press/model.ckpt-best
2023-01-08 08:01:41 itr: 600
training loss: 0.00347415404394269
current best loss: 0.002994
save model to /work/08589/hvtran/ls6/ERA5_PredRNN-main/predrnn-pytorch/checkpoints/era5_predrnn_sea_press/model.ckpt-best
current best loss: 0.002895
save model to /work/08589/hvtran/ls6/ERA5_PredRNN-main/predrnn-pytorch/checkpoints/era5_predrnn_sea_press/model.ckpt-best
current best loss: 0.002851
save model to /work/08589/hvtran/ls6/ERA5_PredRNN-main/predrnn-pytorch/checkpoints/era5_predrnn_sea_press/model.ckpt-best
2023-01-08 08:40:50 itr: 650
training loss: 0.002899977844208479
current best loss: 0.002749
save model to /work/08589/hvtran/ls6/ERA5_PredRNN-main/predrnn-pytorch/checkpoints/era5_predrnn_sea_press/model.ckpt-best
2023-01-08 09:19:53 itr: 700
training loss: 0.004550687037408352
current best loss: 0.002589
save model to /work/08589/hvtran/ls6/ERA5_PredRNN-main/predrnn-pytorch/checkpoints/era5_predrnn_sea_press/model.ckpt-best
2023-01-08 09:58:56 itr: 750
training loss: 0.0027979291044175625
current best loss: 0.002437
save model to /work/08589/hvtran/ls6/ERA5_PredRNN-main/predrnn-pytorch/checkpoints/era5_predrnn_sea_press/model.ckpt-best
2023-01-08 10:38:00 itr: 800
training loss: 0.0033026919700205326
current best loss: 0.002414
save model to /work/08589/hvtran/ls6/ERA5_PredRNN-main/predrnn-pytorch/checkpoints/era5_predrnn_sea_press/model.ckpt-best
2023-01-08 11:17:06 itr: 850
training loss: 0.0032166868913918734
2023-01-08 11:56:07 itr: 900
training loss: 0.002989597152918577
current best loss: 0.002388
save model to /work/08589/hvtran/ls6/ERA5_PredRNN-main/predrnn-pytorch/checkpoints/era5_predrnn_sea_press/model.ckpt-best
current best loss: 0.002361
save model to /work/08589/hvtran/ls6/ERA5_PredRNN-main/predrnn-pytorch/checkpoints/era5_predrnn_sea_press/model.ckpt-best
2023-01-08 12:35:16 itr: 950
training loss: 0.002685145940631628
current best loss: 0.002292
save model to /work/08589/hvtran/ls6/ERA5_PredRNN-main/predrnn-pytorch/checkpoints/era5_predrnn_sea_press/model.ckpt-best
2023-01-08 13:14:19 itr: 1000
training loss: 0.002530729630962014
current best loss: 0.002275
save model to /work/08589/hvtran/ls6/ERA5_PredRNN-main/predrnn-pytorch/checkpoints/era5_predrnn_sea_press/model.ckpt-best
2023-01-08 13:53:20 itr: 1050
training loss: 0.002275093924254179
current best loss: 0.002072
save model to /work/08589/hvtran/ls6/ERA5_PredRNN-main/predrnn-pytorch/checkpoints/era5_predrnn_sea_press/model.ckpt-best
2023-01-08 14:32:25 itr: 1100
training loss: 0.0022888181265443563
current best loss: 0.002063
save model to /work/08589/hvtran/ls6/ERA5_PredRNN-main/predrnn-pytorch/checkpoints/era5_predrnn_sea_press/model.ckpt-best
2023-01-08 15:11:28 itr: 1150
training loss: 0.0020625221077352762
current best loss: 0.00205
save model to /work/08589/hvtran/ls6/ERA5_PredRNN-main/predrnn-pytorch/checkpoints/era5_predrnn_sea_press/model.ckpt-best
2023-01-08 15:50:30 itr: 1200
training loss: 0.003101562149822712
2023-01-08 16:29:30 itr: 1250
training loss: 0.0028357375413179398
current best loss: 0.002026
save model to /work/08589/hvtran/ls6/ERA5_PredRNN-main/predrnn-pytorch/checkpoints/era5_predrnn_sea_press/model.ckpt-best
2023-01-08 17:08:33 itr: 1300
training loss: 0.002450163010507822
current best loss: 0.001911
save model to /work/08589/hvtran/ls6/ERA5_PredRNN-main/predrnn-pytorch/checkpoints/era5_predrnn_sea_press/model.ckpt-best
2023-01-08 17:47:37 itr: 1350
training loss: 0.0026756571605801582
current best loss: 0.001897
save model to /work/08589/hvtran/ls6/ERA5_PredRNN-main/predrnn-pytorch/checkpoints/era5_predrnn_sea_press/model.ckpt-best
2023-01-08 18:26:40 itr: 1400
training loss: 0.001896590692922473
2023-01-08 19:05:42 itr: 1450
training loss: 0.002452288754284382
current best loss: 0.001827
save model to /work/08589/hvtran/ls6/ERA5_PredRNN-main/predrnn-pytorch/checkpoints/era5_predrnn_sea_press/model.ckpt-best
2023-01-08 19:44:44 itr: 1500
training loss: 0.0024995976127684116
2023-01-08 20:23:45 itr: 1550
training loss: 0.002919889986515045
2023-01-08 21:02:46 itr: 1600
training loss: 0.0024613337591290474
current best loss: 0.001823
save model to /work/08589/hvtran/ls6/ERA5_PredRNN-main/predrnn-pytorch/checkpoints/era5_predrnn_sea_press/model.ckpt-best
current best loss: 0.001788
save model to /work/08589/hvtran/ls6/ERA5_PredRNN-main/predrnn-pytorch/checkpoints/era5_predrnn_sea_press/model.ckpt-best
2023-01-08 21:41:49 itr: 1650
training loss: 0.002014709869399667
current best loss: 0.001735
save model to /work/08589/hvtran/ls6/ERA5_PredRNN-main/predrnn-pytorch/checkpoints/era5_predrnn_sea_press/model.ckpt-best
current best loss: 0.001718
save model to /work/08589/hvtran/ls6/ERA5_PredRNN-main/predrnn-pytorch/checkpoints/era5_predrnn_sea_press/model.ckpt-best
2023-01-08 22:20:54 itr: 1700
training loss: 0.002015851903706789
current best loss: 0.001696
save model to /work/08589/hvtran/ls6/ERA5_PredRNN-main/predrnn-pytorch/checkpoints/era5_predrnn_sea_press/model.ckpt-best
current best loss: 0.001655
save model to /work/08589/hvtran/ls6/ERA5_PredRNN-main/predrnn-pytorch/checkpoints/era5_predrnn_sea_press/model.ckpt-best
2023-01-08 22:59:59 itr: 1750
training loss: 0.0018895564135164022
current best loss: 0.001594
save model to /work/08589/hvtran/ls6/ERA5_PredRNN-main/predrnn-pytorch/checkpoints/era5_predrnn_sea_press/model.ckpt-best
2023-01-08 23:39:01 itr: 1800
training loss: 0.0022826073691248894
2023-01-09 00:18:02 itr: 1850
training loss: 0.0018095076084136963
2023-01-09 00:57:02 itr: 1900
training loss: 0.00197121175006032
current best loss: 0.001553
save model to /work/08589/hvtran/ls6/ERA5_PredRNN-main/predrnn-pytorch/checkpoints/era5_predrnn_sea_press/model.ckpt-best
2023-01-09 01:36:05 itr: 1950
training loss: 0.0018709654686972499
2023-01-09 02:15:12 itr: 2000
training loss: 0.0023473717737942934
save model to /work/08589/hvtran/ls6/ERA5_PredRNN-main/predrnn-pytorch/checkpoints/era5_predrnn_sea_press/model.ckpt-2000
2023-01-09 02:54:14 itr: 2050
training loss: 0.00189991295337677
current best loss: 0.001532
save model to /work/08589/hvtran/ls6/ERA5_PredRNN-main/predrnn-pytorch/checkpoints/era5_predrnn_sea_press/model.ckpt-best
2023-01-09 03:33:16 itr: 2100
training loss: 0.001891294145025313
current best loss: 0.00153
save model to /work/08589/hvtran/ls6/ERA5_PredRNN-main/predrnn-pytorch/checkpoints/era5_predrnn_sea_press/model.ckpt-best
2023-01-09 04:12:20 itr: 2150
training loss: 0.001755498698912561
current best loss: 0.001412
save model to /work/08589/hvtran/ls6/ERA5_PredRNN-main/predrnn-pytorch/checkpoints/era5_predrnn_sea_press/model.ckpt-best
2023-01-09 04:51:27 itr: 2200
training loss: 0.002471677726134658
2023-01-09 05:30:28 itr: 2250
training loss: 0.0018640144262462854
2023-01-09 06:09:29 itr: 2300
training loss: 0.0016847136430442333
current best loss: 0.001397
save model to /work/08589/hvtran/ls6/ERA5_PredRNN-main/predrnn-pytorch/checkpoints/era5_predrnn_sea_press/model.ckpt-best
2023-01-09 06:48:31 itr: 2350
training loss: 0.0016325414180755615
2023-01-09 07:27:32 itr: 2400
training loss: 0.002610808238387108
2023-01-09 08:06:33 itr: 2450
training loss: 0.0016177515499293804
current best loss: 0.001387
save model to /work/08589/hvtran/ls6/ERA5_PredRNN-main/predrnn-pytorch/checkpoints/era5_predrnn_sea_press/model.ckpt-best
2023-01-09 08:45:34 itr: 2500
training loss: 0.0013873220887035131
2023-01-09 09:24:37 itr: 2550
training loss: 0.0016358066350221634
current best loss: 0.00136
save model to /work/08589/hvtran/ls6/ERA5_PredRNN-main/predrnn-pytorch/checkpoints/era5_predrnn_sea_press/model.ckpt-best
2023-01-09 10:03:41 itr: 2600
training loss: 0.001763657433912158
current best loss: 0.001213
save model to /work/08589/hvtran/ls6/ERA5_PredRNN-main/predrnn-pytorch/checkpoints/era5_predrnn_sea_press/model.ckpt-best
2023-01-09 10:42:44 itr: 2650
training loss: 0.0016788349021226168
2023-01-09 11:21:47 itr: 2700
training loss: 0.0016498536569997668
2023-01-09 12:00:47 itr: 2750
training loss: 0.0015144438948482275
2023-01-09 12:39:51 itr: 2800
training loss: 0.0013083224184811115
2023-01-09 13:18:51 itr: 2850
training loss: 0.0013743105810135603
current best loss: 0.00119
save model to /work/08589/hvtran/ls6/ERA5_PredRNN-main/predrnn-pytorch/checkpoints/era5_predrnn_sea_press/model.ckpt-best
2023-01-09 13:57:55 itr: 2900
training loss: 0.0017350905109196901
2023-01-09 14:36:56 itr: 2950
training loss: 0.0013672158820554614
2023-01-09 15:15:58 itr: 3000
training loss: 0.0013231125194579363
2023-01-09 15:54:59 itr: 3050
training loss: 0.0014634366380050778
2023-01-09 16:34:01 itr: 3100
training loss: 0.0012705381959676743
2023-01-09 17:13:02 itr: 3150
training loss: 0.0016311663202941418
2023-01-09 17:52:05 itr: 3200
training loss: 0.002023824956268072
current best loss: 0.001176
save model to /work/08589/hvtran/ls6/ERA5_PredRNN-main/predrnn-pytorch/checkpoints/era5_predrnn_sea_press/model.ckpt-best
2023-01-09 18:31:07 itr: 3250
training loss: 0.0015216744504868984
current best loss: 0.001174
save model to /work/08589/hvtran/ls6/ERA5_PredRNN-main/predrnn-pytorch/checkpoints/era5_predrnn_sea_press/model.ckpt-best
2023-01-09 19:10:12 itr: 3300
training loss: 0.001971899066120386
2023-01-09 19:49:14 itr: 3350
training loss: 0.0015673489542677999
current best loss: 0.00115
save model to /work/08589/hvtran/ls6/ERA5_PredRNN-main/predrnn-pytorch/checkpoints/era5_predrnn_sea_press/model.ckpt-best
2023-01-09 20:28:21 itr: 3400
training loss: 0.0019295981619507074
2023-01-09 21:07:22 itr: 3450
training loss: 0.0013982203090563416
2023-01-09 21:46:28 itr: 3500
training loss: 0.0013428619131445885
current best loss: 0.001124
save model to /work/08589/hvtran/ls6/ERA5_PredRNN-main/predrnn-pytorch/checkpoints/era5_predrnn_sea_press/model.ckpt-best
2023-01-09 22:25:31 itr: 3550
training loss: 0.00119681004434824
current best loss: 0.001108
save model to /work/08589/hvtran/ls6/ERA5_PredRNN-main/predrnn-pytorch/checkpoints/era5_predrnn_sea_press/model.ckpt-best
2023-01-09 23:04:36 itr: 3600
training loss: 0.00138558610342443
current best loss: 0.001097
save model to /work/08589/hvtran/ls6/ERA5_PredRNN-main/predrnn-pytorch/checkpoints/era5_predrnn_sea_press/model.ckpt-best
2023-01-09 23:43:40 itr: 3650
training loss: 0.0012144799111410975
slurmstepd: error: *** JOB 638842 ON c302-004 CANCELLED AT 2023-01-10T00:05:40 DUE TO TIME LIMIT ***
