2023-02-26 20:22:30.236585: W tensorflow/stream_executor/platform/default/dso_loader.cc:64] Could not load dynamic library 'libcudart.so.11.0'; dlerror: libcudart.so.11.0: cannot open shared object file: No such file or directory; LD_LIBRARY_PATH: /home1/08589/hvtran/.local/lib/python3.9/site-packages/cv2/../../lib64:/opt/apps/pmix/3.2.3/lib:/opt/apps/intel19/python3/3.9.7/lib:/opt/intel/compilers_and_libraries_2020.4.304/linux/mpi/intel64/libfabric/lib:/opt/intel/compilers_and_libraries_2020.4.304/linux/mpi/intel64/lib/release:/opt/intel/compilers_and_libraries_2020.4.304/linux/mpi/intel64/lib:/opt/intel/debugger_2020/libipt/intel64/lib:/opt/intel/compilers_and_libraries_2020.1.217/linux/daal/lib/intel64_lin:/opt/intel/compilers_and_libraries_2020.1.217/linux/tbb/lib/intel64_lin/gcc4.8:/opt/intel/compilers_and_libraries_2020.1.217/linux/mkl/lib/intel64_lin:/opt/intel/compilers_and_libraries_2020.1.217/linux/ipp/lib/intel64:/opt/intel/compilers_and_libraries_2020.1.217/linux/compiler/lib/intel64_lin:/opt/apps/gcc/9.4.0/lib64:/opt/apps/gcc/9.4.0/lib:/usr/lib64
2023-02-26 20:22:30.236947: I tensorflow/stream_executor/cuda/cudart_stub.cc:29] Ignore above cudart dlerror if you do not have a GPU set up on your machine.
Setting up [LPIPS] perceptual loss: trunk [alex], v[0.1], spatial [off]
Loading model from: /home1/08589/hvtran/.local/lib/python3.9/site-packages/lpips/weights/v0.1/alex.pth
Namespace(is_training=1, device='cuda', dataset_name='mnist', train_data_paths='/scratch/08589/hvtran/download/era5_train_0901002000_3_24hr.npz,/scratch/08589/hvtran/download/era5_train_0901002001_3_24hr.npz,/scratch/08589/hvtran/download/era5_train_0901002002_3_24hr.npz,/scratch/08589/hvtran/download/era5_train_0901002003_3_24hr.npz,/scratch/08589/hvtran/download/era5_train_0901002004_3_24hr.npz,/scratch/08589/hvtran/download/era5_train_0901002005_3_24hr.npz,/scratch/08589/hvtran/download/era5_train_0901002006_3_24hr.npz,/scratch/08589/hvtran/download/era5_train_0901002007_3_24hr.npz,/scratch/08589/hvtran/download/era5_train_0901002008_3_24hr.npz,/scratch/08589/hvtran/download/era5_train_0901002009_3_24hr.npz,/scratch/08589/hvtran/download/era5_train_0901002010_3_24hr.npz,/scratch/08589/hvtran/download/era5_train_0901002011_3_24hr.npz,/scratch/08589/hvtran/download/era5_train_0901002012_3_24hr.npz,/scratch/08589/hvtran/download/era5_train_0901002013_3_24hr.npz,/scratch/08589/hvtran/download/era5_train_0901002014_3_24hr.npz,/work/08589/hvtran/ls6/ERA5_PredRNN-main/era5_train_0825002005_3_24hr.npz,/work/08589/hvtran/ls6/ERA5_PredRNN-main/era5_train_1001002015_3_24hr.npz,/work/08589/hvtran/ls6/ERA5_PredRNN-main/era5_train_1001002016_3_24hr.npz,/work/08589/hvtran/ls6/ERA5_PredRNN-main/era5_train_0827002021_3_24hr.npz,/work/08589/hvtran/ls6/ERA5_PredRNN-main/era5_train_0921002022_3_24hr.npz', valid_data_paths='/work/08589/hvtran/ls6/ERA5_PredRNN-main/era5_train_1024002012_3_24hr.npz', save_dir='/work/08589/hvtran/ls6/ERA5_PredRNN-main/predrnn-pytorch/checkpoints/era5_predrnn', gen_frm_dir='/work/08589/hvtran/ls6/ERA5_PredRNN-main/predrnn-pytorch/checkpoints/era5_predrnn', input_length=24, total_length=48, img_width=1440, img_height=720, img_channel=3, img_layers='0,1,2', concurent_step=1, use_weight=0, layer_weight='20', skip_time=1, wavelet='db1', center_enhance=True, layer_need_enhance=1, find_max=False, multiply=2.0, model_name='predrnn_v2', pretrained_model='/work/08589/hvtran/ls6/ERA5_PredRNN-main/model.ckpt-best', num_hidden='512,512,512,512', filter_size=5, stride=1, patch_size=15, patch_size1=4, layer_norm=1, decouple_beta=0.05, reverse_scheduled_sampling=1, r_sampling_step_1=25000.0, r_sampling_step_2=50000, r_exp_alpha=2500, scheduled_sampling=1, sampling_stop_iter=50000, sampling_start_value=1.0, sampling_changing_rate=2e-05, lr=0.0005, reverse_input=1, batch_size=1, max_iterations=10000, display_interval=50, test_interval=1000000, snapshot_interval=2000, num_save_samples=10, n_gpu=1, visual=0, visual_path='./decoupling_visual', injection_action='concat', conv_on_input=0, res_on_conv=0, num_action_ch=4, is_static=0, is_scale=0, out_scale1='', out_scale2='', in_scale1='', in_scale2='', noise_val=0, out_channel=5, stat_layers=8, stat_layers2=5, out_weights='', curr_best_loss=0.008, isloss=1, is_logscale=0, is_WV=1)
Initializing models
load model: /work/08589/hvtran/ls6/ERA5_PredRNN-main/model.ckpt-best
/work/08589/hvtran/ls6/ERA5_PredRNN-main/era5_train_1001002016_3_24hr.npz
clips
(2, 14, 2)
dims
(1, 3)
input_raw_data
(336, 3, 720, 1440)
clips
(2, 14, 2)
dims
(1, 3)
input_raw_data
(336, 3, 720, 1440)
current best loss: 0.007944
save model to /work/08589/hvtran/ls6/ERA5_PredRNN-main/predrnn-pytorch/checkpoints/era5_predrnn/model.ckpt-best
current best loss: 0.007315
save model to /work/08589/hvtran/ls6/ERA5_PredRNN-main/predrnn-pytorch/checkpoints/era5_predrnn/model.ckpt-best
current best loss: 0.007039
save model to /work/08589/hvtran/ls6/ERA5_PredRNN-main/predrnn-pytorch/checkpoints/era5_predrnn/model.ckpt-best
current best loss: 0.006906
save model to /work/08589/hvtran/ls6/ERA5_PredRNN-main/predrnn-pytorch/checkpoints/era5_predrnn/model.ckpt-best
/scratch/08589/hvtran/download/era5_train_0901002008_3_24hr.npz
clips
(2, 14, 2)
dims
(1, 3)
input_raw_data
(336, 3, 720, 1440)
clips
(2, 61, 2)
dims
(1, 3)
input_raw_data
(1464, 3, 720, 1440)
2023-02-26 20:52:59 itr: 50
training loss: 0.04596701264381409
/work/08589/hvtran/ls6/ERA5_PredRNN-main/era5_train_0825002005_3_24hr.npz
clips
(2, 14, 2)
dims
(1, 3)
input_raw_data
(336, 3, 720, 1440)
clips
(2, 14, 2)
dims
(1, 3)
input_raw_data
(336, 3, 720, 1440)
/scratch/08589/hvtran/download/era5_train_0901002009_3_24hr.npz
clips
(2, 14, 2)
dims
(1, 3)
input_raw_data
(336, 3, 720, 1440)
clips
(2, 61, 2)
dims
(1, 3)
input_raw_data
(1464, 3, 720, 1440)
2023-02-26 21:18:31 itr: 100
training loss: 0.016990426927804947
/scratch/08589/hvtran/download/era5_train_0901002006_3_24hr.npz
clips
(2, 14, 2)
dims
(1, 3)
input_raw_data
(336, 3, 720, 1440)
clips
(2, 61, 2)
dims
(1, 3)
input_raw_data
(1464, 3, 720, 1440)
2023-02-26 21:43:52 itr: 150
training loss: 0.03087250515818596
2023-02-26 22:07:02 itr: 200
training loss: 0.018734924495220184
/scratch/08589/hvtran/download/era5_train_0901002012_3_24hr.npz
clips
(2, 14, 2)
dims
(1, 3)
input_raw_data
(336, 3, 720, 1440)
clips
(2, 61, 2)
dims
(1, 3)
input_raw_data
(1464, 3, 720, 1440)
2023-02-26 22:32:25 itr: 250
training loss: 0.06441057473421097
/scratch/08589/hvtran/download/era5_train_0901002002_3_24hr.npz
clips
(2, 14, 2)
dims
(1, 3)
input_raw_data
(336, 3, 720, 1440)
clips
(2, 61, 2)
dims
(1, 3)
input_raw_data
(1464, 3, 720, 1440)
2023-02-26 22:58:00 itr: 300
training loss: 0.03686968609690666
/scratch/08589/hvtran/download/era5_train_0901002005_3_24hr.npz
clips
(2, 14, 2)
dims
(1, 3)
input_raw_data
(336, 3, 720, 1440)
clips
(2, 61, 2)
dims
(1, 3)
input_raw_data
(1464, 3, 720, 1440)
2023-02-26 23:23:17 itr: 350
training loss: 0.03251993656158447
/work/08589/hvtran/ls6/ERA5_PredRNN-main/era5_train_0921002022_3_24hr.npz
clips
(2, 14, 2)
dims
(1, 3)
input_raw_data
(336, 3, 720, 1440)
clips
(2, 14, 2)
dims
(1, 3)
input_raw_data
(336, 3, 720, 1440)
/scratch/08589/hvtran/download/era5_train_0901002010_3_24hr.npz
clips
(2, 14, 2)
dims
(1, 3)
input_raw_data
(336, 3, 720, 1440)
clips
(2, 61, 2)
dims
(1, 3)
input_raw_data
(1464, 3, 720, 1440)
2023-02-26 23:48:55 itr: 400
training loss: 0.06352369487285614
2023-02-27 00:12:08 itr: 450
training loss: 0.1253466159105301
/scratch/08589/hvtran/download/era5_train_0901002004_3_24hr.npz
clips
(2, 14, 2)
dims
(1, 3)
input_raw_data
(336, 3, 720, 1440)
clips
(2, 61, 2)
dims
(1, 3)
input_raw_data
(1464, 3, 720, 1440)
2023-02-27 00:37:13 itr: 500
training loss: 0.04943111911416054
/scratch/08589/hvtran/download/era5_train_0901002000_3_24hr.npz
clips
(2, 14, 2)
dims
(1, 3)
input_raw_data
(336, 3, 720, 1440)
clips
(2, 61, 2)
dims
(1, 3)
input_raw_data
(1464, 3, 720, 1440)
2023-02-27 01:02:17 itr: 550
training loss: 0.04586270451545715
/scratch/08589/hvtran/download/era5_train_0901002011_3_24hr.npz
clips
(2, 14, 2)
dims
(1, 3)
input_raw_data
(336, 3, 720, 1440)
clips
(2, 61, 2)
dims
(1, 3)
input_raw_data
(1464, 3, 720, 1440)
2023-02-27 01:27:31 itr: 600
training loss: 0.048762984573841095
/work/08589/hvtran/ls6/ERA5_PredRNN-main/era5_train_1001002015_3_24hr.npz
clips
(2, 14, 2)
dims
(1, 3)
input_raw_data
(336, 3, 720, 1440)
clips
(2, 14, 2)
dims
(1, 3)
input_raw_data
(336, 3, 720, 1440)
2023-02-27 01:51:14 itr: 650
training loss: 0.05744613707065582
/scratch/08589/hvtran/download/era5_train_0901002001_3_24hr.npz
clips
(2, 14, 2)
dims
(1, 3)
input_raw_data
(336, 3, 720, 1440)
clips
(2, 61, 2)
dims
(1, 3)
input_raw_data
(1464, 3, 720, 1440)
2023-02-27 02:16:06 itr: 700
training loss: 0.04554768651723862
/scratch/08589/hvtran/download/era5_train_0901002014_3_24hr.npz
clips
(2, 14, 2)
dims
(1, 3)
input_raw_data
(336, 3, 720, 1440)
clips
(2, 61, 2)
dims
(1, 3)
input_raw_data
(1464, 3, 720, 1440)
2023-02-27 02:41:27 itr: 750
training loss: 0.04096762090921402
/scratch/08589/hvtran/download/era5_train_0901002013_3_24hr.npz
clips
(2, 14, 2)
dims
(1, 3)
input_raw_data
(336, 3, 720, 1440)
clips
(2, 61, 2)
dims
(1, 3)
input_raw_data
(1464, 3, 720, 1440)
2023-02-27 03:06:36 itr: 800
training loss: 0.1408766806125641
/scratch/08589/hvtran/download/era5_train_0901002007_3_24hr.npz
clips
(2, 14, 2)
dims
(1, 3)
input_raw_data
(336, 3, 720, 1440)
clips
(2, 61, 2)
dims
(1, 3)
input_raw_data
(1464, 3, 720, 1440)
2023-02-27 03:31:39 itr: 850
training loss: 0.06443853676319122
/work/08589/hvtran/ls6/ERA5_PredRNN-main/era5_train_0827002021_3_24hr.npz
clips
(2, 14, 2)
dims
(1, 3)
input_raw_data
(336, 3, 720, 1440)
clips
(2, 14, 2)
dims
(1, 3)
input_raw_data
(336, 3, 720, 1440)
2023-02-27 03:55:17 itr: 900
training loss: 0.04902318865060806
/scratch/08589/hvtran/download/era5_train_0901002003_3_24hr.npz
clips
(2, 14, 2)
dims
(1, 3)
input_raw_data
(336, 3, 720, 1440)
clips
(2, 61, 2)
dims
(1, 3)
input_raw_data
(1464, 3, 720, 1440)
2023-02-27 04:20:25 itr: 950
training loss: 0.047074876725673676
/work/08589/hvtran/ls6/ERA5_PredRNN-main/era5_train_1001002016_3_24hr.npz
clips
(2, 14, 2)
dims
(1, 3)
input_raw_data
(336, 3, 720, 1440)
clips
(2, 14, 2)
dims
(1, 3)
input_raw_data
(336, 3, 720, 1440)
/scratch/08589/hvtran/download/era5_train_0901002008_3_24hr.npz
clips
(2, 14, 2)
dims
(1, 3)
input_raw_data
(336, 3, 720, 1440)
clips
(2, 61, 2)
dims
(1, 3)
input_raw_data
(1464, 3, 720, 1440)
2023-02-27 04:45:51 itr: 1000
training loss: 0.04127626493573189
/work/08589/hvtran/ls6/ERA5_PredRNN-main/era5_train_0825002005_3_24hr.npz
clips
(2, 14, 2)
dims
(1, 3)
input_raw_data
(336, 3, 720, 1440)
clips
(2, 14, 2)
dims
(1, 3)
input_raw_data
(336, 3, 720, 1440)
2023-02-27 05:09:44 itr: 1050
training loss: 0.05151580274105072
/scratch/08589/hvtran/download/era5_train_0901002009_3_24hr.npz
clips
(2, 14, 2)
dims
(1, 3)
input_raw_data
(336, 3, 720, 1440)
clips
(2, 61, 2)
dims
(1, 3)
input_raw_data
(1464, 3, 720, 1440)
2023-02-27 05:35:19 itr: 1100
training loss: 0.04664529114961624
/scratch/08589/hvtran/download/era5_train_0901002006_3_24hr.npz
clips
(2, 14, 2)
dims
(1, 3)
input_raw_data
(336, 3, 720, 1440)
clips
(2, 61, 2)
dims
(1, 3)
input_raw_data
(1464, 3, 720, 1440)
2023-02-27 06:00:45 itr: 1150
training loss: 0.04560348391532898
/scratch/08589/hvtran/download/era5_train_0901002012_3_24hr.npz
clips
(2, 14, 2)
dims
(1, 3)
input_raw_data
(336, 3, 720, 1440)
clips
(2, 61, 2)
dims
(1, 3)
input_raw_data
(1464, 3, 720, 1440)
2023-02-27 06:25:57 itr: 1200
training loss: 0.04613332822918892
/scratch/08589/hvtran/download/era5_train_0901002002_3_24hr.npz
clips
(2, 14, 2)
dims
(1, 3)
input_raw_data
(336, 3, 720, 1440)
clips
(2, 61, 2)
dims
(1, 3)
input_raw_data
(1464, 3, 720, 1440)
2023-02-27 06:51:09 itr: 1250
training loss: 0.04156990349292755
/scratch/08589/hvtran/download/era5_train_0901002005_3_24hr.npz
clips
(2, 14, 2)
dims
(1, 3)
input_raw_data
(336, 3, 720, 1440)
clips
(2, 61, 2)
dims
(1, 3)
input_raw_data
(1464, 3, 720, 1440)
2023-02-27 07:16:39 itr: 1300
training loss: 0.04353967308998108
2023-02-27 07:39:50 itr: 1350
training loss: 0.04363412410020828
/work/08589/hvtran/ls6/ERA5_PredRNN-main/era5_train_0921002022_3_24hr.npz
clips
(2, 14, 2)
dims
(1, 3)
input_raw_data
(336, 3, 720, 1440)
clips
(2, 14, 2)
dims
(1, 3)
input_raw_data
(336, 3, 720, 1440)
/scratch/08589/hvtran/download/era5_train_0901002010_3_24hr.npz
clips
(2, 14, 2)
dims
(1, 3)
input_raw_data
(336, 3, 720, 1440)
clips
(2, 61, 2)
dims
(1, 3)
input_raw_data
(1464, 3, 720, 1440)
2023-02-27 08:05:16 itr: 1400
training loss: 0.048059120774269104
/scratch/08589/hvtran/download/era5_train_0901002004_3_24hr.npz
clips
(2, 14, 2)
dims
(1, 3)
input_raw_data
(336, 3, 720, 1440)
clips
(2, 61, 2)
dims
(1, 3)
input_raw_data
(1464, 3, 720, 1440)
2023-02-27 08:30:16 itr: 1450
training loss: 0.05309516191482544
/scratch/08589/hvtran/download/era5_train_0901002000_3_24hr.npz
clips
(2, 14, 2)
dims
(1, 3)
input_raw_data
(336, 3, 720, 1440)
clips
(2, 61, 2)
dims
(1, 3)
input_raw_data
(1464, 3, 720, 1440)
2023-02-27 08:55:26 itr: 1500
training loss: 0.045303262770175934
/scratch/08589/hvtran/download/era5_train_0901002011_3_24hr.npz
clips
(2, 14, 2)
dims
(1, 3)
input_raw_data
(336, 3, 720, 1440)
clips
(2, 61, 2)
dims
(1, 3)
input_raw_data
(1464, 3, 720, 1440)
2023-02-27 09:20:36 itr: 1550
training loss: 0.05149005353450775
2023-02-27 09:43:57 itr: 1600
training loss: 0.03899881988763809
/work/08589/hvtran/ls6/ERA5_PredRNN-main/era5_train_1001002015_3_24hr.npz
clips
(2, 14, 2)
dims
(1, 3)
input_raw_data
(336, 3, 720, 1440)
clips
(2, 14, 2)
dims
(1, 3)
input_raw_data
(336, 3, 720, 1440)
/scratch/08589/hvtran/download/era5_train_0901002001_3_24hr.npz
clips
(2, 14, 2)
dims
(1, 3)
input_raw_data
(336, 3, 720, 1440)
clips
(2, 61, 2)
dims
(1, 3)
input_raw_data
(1464, 3, 720, 1440)
2023-02-27 10:09:39 itr: 1650
training loss: 0.0444517657160759
/scratch/08589/hvtran/download/era5_train_0901002014_3_24hr.npz
clips
(2, 14, 2)
dims
(1, 3)
input_raw_data
(336, 3, 720, 1440)
clips
(2, 61, 2)
dims
(1, 3)
input_raw_data
(1464, 3, 720, 1440)
2023-02-27 10:34:29 itr: 1700
training loss: 0.03998825326561928
/scratch/08589/hvtran/download/era5_train_0901002013_3_24hr.npz
clips
(2, 14, 2)
dims
(1, 3)
input_raw_data
(336, 3, 720, 1440)
clips
(2, 61, 2)
dims
(1, 3)
input_raw_data
(1464, 3, 720, 1440)
2023-02-27 10:59:21 itr: 1750
training loss: 0.03818262368440628
/scratch/08589/hvtran/download/era5_train_0901002007_3_24hr.npz
clips
(2, 14, 2)
dims
(1, 3)
input_raw_data
(336, 3, 720, 1440)
clips
(2, 61, 2)
dims
(1, 3)
input_raw_data
(1464, 3, 720, 1440)
2023-02-27 11:24:34 itr: 1800
training loss: 0.0372171513736248
2023-02-27 11:47:50 itr: 1850
training loss: 0.03971020504832268
/work/08589/hvtran/ls6/ERA5_PredRNN-main/era5_train_0827002021_3_24hr.npz
clips
(2, 14, 2)
dims
(1, 3)
input_raw_data
(336, 3, 720, 1440)
clips
(2, 14, 2)
dims
(1, 3)
input_raw_data
(336, 3, 720, 1440)
/scratch/08589/hvtran/download/era5_train_0901002003_3_24hr.npz
clips
(2, 14, 2)
dims
(1, 3)
input_raw_data
(336, 3, 720, 1440)
clips
(2, 61, 2)
dims
(1, 3)
input_raw_data
(1464, 3, 720, 1440)
2023-02-27 12:13:01 itr: 1900
training loss: 0.03648991137742996
/work/08589/hvtran/ls6/ERA5_PredRNN-main/era5_train_1001002016_3_24hr.npz
clips
(2, 14, 2)
dims
(1, 3)
input_raw_data
(336, 3, 720, 1440)
clips
(2, 14, 2)
dims
(1, 3)
input_raw_data
(336, 3, 720, 1440)
/scratch/08589/hvtran/download/era5_train_0901002008_3_24hr.npz
clips
(2, 14, 2)
dims
(1, 3)
input_raw_data
(336, 3, 720, 1440)
clips
(2, 61, 2)
dims
(1, 3)
input_raw_data
(1464, 3, 720, 1440)
2023-02-27 12:38:28 itr: 1950
training loss: 0.03554884344339371
2023-02-27 13:01:44 itr: 2000
training loss: 0.035460516810417175
save model to /work/08589/hvtran/ls6/ERA5_PredRNN-main/predrnn-pytorch/checkpoints/era5_predrnn/model.ckpt-2000
/work/08589/hvtran/ls6/ERA5_PredRNN-main/era5_train_0825002005_3_24hr.npz
clips
(2, 14, 2)
dims
(1, 3)
input_raw_data
(336, 3, 720, 1440)
clips
(2, 14, 2)
dims
(1, 3)
input_raw_data
(336, 3, 720, 1440)
/scratch/08589/hvtran/download/era5_train_0901002009_3_24hr.npz
clips
(2, 14, 2)
dims
(1, 3)
input_raw_data
(336, 3, 720, 1440)
clips
(2, 61, 2)
dims
(1, 3)
input_raw_data
(1464, 3, 720, 1440)
2023-02-27 13:27:22 itr: 2050
training loss: 0.03465186804533005
/scratch/08589/hvtran/download/era5_train_0901002006_3_24hr.npz
clips
(2, 14, 2)
dims
(1, 3)
input_raw_data
(336, 3, 720, 1440)
clips
(2, 61, 2)
dims
(1, 3)
input_raw_data
(1464, 3, 720, 1440)
2023-02-27 13:52:21 itr: 2100
training loss: 0.03301265463232994
/scratch/08589/hvtran/download/era5_train_0901002012_3_24hr.npz
clips
(2, 14, 2)
dims
(1, 3)
input_raw_data
(336, 3, 720, 1440)
clips
(2, 61, 2)
dims
(1, 3)
input_raw_data
(1464, 3, 720, 1440)
2023-02-27 14:17:11 itr: 2150
training loss: 0.03304234892129898
/scratch/08589/hvtran/download/era5_train_0901002002_3_24hr.npz
clips
(2, 14, 2)
dims
(1, 3)
input_raw_data
(336, 3, 720, 1440)
clips
(2, 61, 2)
dims
(1, 3)
input_raw_data
(1464, 3, 720, 1440)
2023-02-27 14:41:53 itr: 2200
training loss: 0.030796047300100327
2023-02-27 15:05:04 itr: 2250
training loss: 0.029137149453163147
/scratch/08589/hvtran/download/era5_train_0901002005_3_24hr.npz
clips
(2, 14, 2)
dims
(1, 3)
input_raw_data
(336, 3, 720, 1440)
clips
(2, 61, 2)
dims
(1, 3)
input_raw_data
(1464, 3, 720, 1440)
2023-02-27 15:29:58 itr: 2300
training loss: 0.0310937762260437
/work/08589/hvtran/ls6/ERA5_PredRNN-main/era5_train_0921002022_3_24hr.npz
clips
(2, 14, 2)
dims
(1, 3)
input_raw_data
(336, 3, 720, 1440)
clips
(2, 14, 2)
dims
(1, 3)
input_raw_data
(336, 3, 720, 1440)
/scratch/08589/hvtran/download/era5_train_0901002010_3_24hr.npz
clips
(2, 14, 2)
dims
(1, 3)
input_raw_data
(336, 3, 720, 1440)
clips
(2, 61, 2)
dims
(1, 3)
input_raw_data
(1464, 3, 720, 1440)
2023-02-27 15:55:06 itr: 2350
training loss: 0.043687041848897934
/scratch/08589/hvtran/download/era5_train_0901002004_3_24hr.npz
clips
(2, 14, 2)
dims
(1, 3)
input_raw_data
(336, 3, 720, 1440)
clips
(2, 61, 2)
dims
(1, 3)
input_raw_data
(1464, 3, 720, 1440)
2023-02-27 16:19:54 itr: 2400
training loss: 0.03367089480161667
/scratch/08589/hvtran/download/era5_train_0901002000_3_24hr.npz
clips
(2, 14, 2)
dims
(1, 3)
input_raw_data
(336, 3, 720, 1440)
clips
(2, 61, 2)
dims
(1, 3)
input_raw_data
(1464, 3, 720, 1440)
2023-02-27 16:44:33 itr: 2450
training loss: 0.030096974223852158
2023-02-27 17:07:52 itr: 2500
training loss: 0.029040606692433357
/scratch/08589/hvtran/download/era5_train_0901002011_3_24hr.npz
clips
(2, 14, 2)
dims
(1, 3)
input_raw_data
(336, 3, 720, 1440)
clips
(2, 61, 2)
dims
(1, 3)
input_raw_data
(1464, 3, 720, 1440)
2023-02-27 17:32:40 itr: 2550
training loss: 0.02771771140396595
/work/08589/hvtran/ls6/ERA5_PredRNN-main/era5_train_1001002015_3_24hr.npz
clips
(2, 14, 2)
dims
(1, 3)
input_raw_data
(336, 3, 720, 1440)
clips
(2, 14, 2)
dims
(1, 3)
input_raw_data
(336, 3, 720, 1440)
/scratch/08589/hvtran/download/era5_train_0901002001_3_24hr.npz
clips
(2, 14, 2)
dims
(1, 3)
input_raw_data
(336, 3, 720, 1440)
clips
(2, 61, 2)
dims
(1, 3)
input_raw_data
(1464, 3, 720, 1440)
2023-02-27 17:57:55 itr: 2600
training loss: 0.02979736030101776
/scratch/08589/hvtran/download/era5_train_0901002014_3_24hr.npz
clips
(2, 14, 2)
dims
(1, 3)
input_raw_data
(336, 3, 720, 1440)
clips
(2, 61, 2)
dims
(1, 3)
input_raw_data
(1464, 3, 720, 1440)
2023-02-27 18:22:49 itr: 2650
training loss: 0.02722795493900776
2023-02-27 18:45:58 itr: 2700
training loss: 0.029123280197381973
/scratch/08589/hvtran/download/era5_train_0901002013_3_24hr.npz
clips
(2, 14, 2)
dims
(1, 3)
input_raw_data
(336, 3, 720, 1440)
clips
(2, 61, 2)
dims
(1, 3)
input_raw_data
(1464, 3, 720, 1440)
2023-02-27 19:10:43 itr: 2750
training loss: 0.06649650633335114
/scratch/08589/hvtran/download/era5_train_0901002007_3_24hr.npz
clips
(2, 14, 2)
dims
(1, 3)
input_raw_data
(336, 3, 720, 1440)
clips
(2, 61, 2)
dims
(1, 3)
input_raw_data
(1464, 3, 720, 1440)
2023-02-27 19:35:29 itr: 2800
training loss: 0.06726346909999847
/work/08589/hvtran/ls6/ERA5_PredRNN-main/era5_train_0827002021_3_24hr.npz
clips
(2, 14, 2)
dims
(1, 3)
input_raw_data
(336, 3, 720, 1440)
clips
(2, 14, 2)
dims
(1, 3)
input_raw_data
(336, 3, 720, 1440)
/scratch/08589/hvtran/download/era5_train_0901002003_3_24hr.npz
clips
(2, 14, 2)
dims
(1, 3)
input_raw_data
(336, 3, 720, 1440)
clips
(2, 61, 2)
dims
(1, 3)
input_raw_data
(1464, 3, 720, 1440)
2023-02-27 20:00:42 itr: 2850
training loss: 0.05515015870332718
/work/08589/hvtran/ls6/ERA5_PredRNN-main/era5_train_1001002016_3_24hr.npz
clips
(2, 14, 2)
dims
(1, 3)
input_raw_data
(336, 3, 720, 1440)
clips
(2, 14, 2)
dims
(1, 3)
input_raw_data
(336, 3, 720, 1440)
2023-02-27 20:24:25 itr: 2900
training loss: 0.06240318343043327
/scratch/08589/hvtran/download/era5_train_0901002008_3_24hr.npz
clips
(2, 14, 2)
dims
(1, 3)
input_raw_data
(336, 3, 720, 1440)
clips
(2, 61, 2)
dims
(1, 3)
input_raw_data
(1464, 3, 720, 1440)
2023-02-27 20:49:10 itr: 2950
training loss: 0.050220370292663574
/work/08589/hvtran/ls6/ERA5_PredRNN-main/era5_train_0825002005_3_24hr.npz
clips
(2, 14, 2)
dims
(1, 3)
input_raw_data
(336, 3, 720, 1440)
clips
(2, 14, 2)
dims
(1, 3)
input_raw_data
(336, 3, 720, 1440)
/scratch/08589/hvtran/download/era5_train_0901002009_3_24hr.npz
clips
(2, 14, 2)
dims
(1, 3)
input_raw_data
(336, 3, 720, 1440)
clips
(2, 61, 2)
dims
(1, 3)
input_raw_data
(1464, 3, 720, 1440)
2023-02-27 21:14:24 itr: 3000
training loss: 0.1381385326385498
/scratch/08589/hvtran/download/era5_train_0901002006_3_24hr.npz
clips
(2, 14, 2)
dims
(1, 3)
input_raw_data
(336, 3, 720, 1440)
clips
(2, 61, 2)
dims
(1, 3)
input_raw_data
(1464, 3, 720, 1440)
2023-02-27 21:39:17 itr: 3050
training loss: 0.05424857884645462
2023-02-27 22:02:25 itr: 3100
training loss: 0.04847211390733719
/scratch/08589/hvtran/download/era5_train_0901002012_3_24hr.npz
clips
(2, 14, 2)
dims
(1, 3)
input_raw_data
(336, 3, 720, 1440)
clips
(2, 61, 2)
dims
(1, 3)
input_raw_data
(1464, 3, 720, 1440)
2023-02-27 22:27:12 itr: 3150
training loss: 0.6291001439094543
/scratch/08589/hvtran/download/era5_train_0901002002_3_24hr.npz
clips
(2, 14, 2)
dims
(1, 3)
input_raw_data
(336, 3, 720, 1440)
clips
(2, 61, 2)
dims
(1, 3)
input_raw_data
(1464, 3, 720, 1440)
2023-02-27 22:52:01 itr: 3200
training loss: 0.06493549048900604
/scratch/08589/hvtran/download/era5_train_0901002005_3_24hr.npz
clips
(2, 14, 2)
dims
(1, 3)
input_raw_data
(336, 3, 720, 1440)
clips
(2, 61, 2)
dims
(1, 3)
input_raw_data
(1464, 3, 720, 1440)
2023-02-27 23:16:52 itr: 3250
training loss: 0.056760434061288834
/work/08589/hvtran/ls6/ERA5_PredRNN-main/era5_train_0921002022_3_24hr.npz
clips
(2, 14, 2)
dims
(1, 3)
input_raw_data
(336, 3, 720, 1440)
clips
(2, 14, 2)
dims
(1, 3)
input_raw_data
(336, 3, 720, 1440)
/scratch/08589/hvtran/download/era5_train_0901002010_3_24hr.npz
clips
(2, 14, 2)
dims
(1, 3)
input_raw_data
(336, 3, 720, 1440)
clips
(2, 61, 2)
dims
(1, 3)
input_raw_data
(1464, 3, 720, 1440)
2023-02-27 23:41:59 itr: 3300
training loss: 0.051536113023757935
2023-02-28 00:05:15 itr: 3350
training loss: 0.051071830093860626
/scratch/08589/hvtran/download/era5_train_0901002004_3_24hr.npz
clips
(2, 14, 2)
dims
(1, 3)
input_raw_data
(336, 3, 720, 1440)
clips
(2, 61, 2)
dims
(1, 3)
input_raw_data
(1464, 3, 720, 1440)
2023-02-28 00:30:09 itr: 3400
training loss: 0.047120653092861176
/scratch/08589/hvtran/download/era5_train_0901002000_3_24hr.npz
clips
(2, 14, 2)
dims
(1, 3)
input_raw_data
(336, 3, 720, 1440)
clips
(2, 61, 2)
dims
(1, 3)
input_raw_data
(1464, 3, 720, 1440)
2023-02-28 00:55:00 itr: 3450
training loss: 0.04442790150642395
/scratch/08589/hvtran/download/era5_train_0901002011_3_24hr.npz
clips
(2, 14, 2)
dims
(1, 3)
input_raw_data
(336, 3, 720, 1440)
clips
(2, 61, 2)
dims
(1, 3)
input_raw_data
(1464, 3, 720, 1440)
2023-02-28 01:19:54 itr: 3500
training loss: 0.04868888854980469
/work/08589/hvtran/ls6/ERA5_PredRNN-main/era5_train_1001002015_3_24hr.npz
clips
(2, 14, 2)
dims
(1, 3)
input_raw_data
(336, 3, 720, 1440)
clips
(2, 14, 2)
dims
(1, 3)
input_raw_data
(336, 3, 720, 1440)
/scratch/08589/hvtran/download/era5_train_0901002001_3_24hr.npz
clips
(2, 14, 2)
dims
(1, 3)
input_raw_data
(336, 3, 720, 1440)
clips
(2, 61, 2)
dims
(1, 3)
input_raw_data
(1464, 3, 720, 1440)
2023-02-28 01:45:11 itr: 3550
training loss: 0.047228965908288956
2023-02-28 02:08:35 itr: 3600
training loss: 0.043748170137405396
/scratch/08589/hvtran/download/era5_train_0901002014_3_24hr.npz
clips
(2, 14, 2)
dims
(1, 3)
input_raw_data
(336, 3, 720, 1440)
clips
(2, 61, 2)
dims
(1, 3)
input_raw_data
(1464, 3, 720, 1440)
2023-02-28 02:33:27 itr: 3650
training loss: 0.043331973254680634
/scratch/08589/hvtran/download/era5_train_0901002013_3_24hr.npz
clips
(2, 14, 2)
dims
(1, 3)
input_raw_data
(336, 3, 720, 1440)
clips
(2, 61, 2)
dims
(1, 3)
input_raw_data
(1464, 3, 720, 1440)
2023-02-28 02:58:19 itr: 3700
training loss: 0.04619603604078293
/scratch/08589/hvtran/download/era5_train_0901002007_3_24hr.npz
clips
(2, 14, 2)
dims
(1, 3)
input_raw_data
(336, 3, 720, 1440)
clips
(2, 61, 2)
dims
(1, 3)
input_raw_data
(1464, 3, 720, 1440)
2023-02-28 03:23:11 itr: 3750
training loss: 0.042869001626968384
/work/08589/hvtran/ls6/ERA5_PredRNN-main/era5_train_0827002021_3_24hr.npz
clips
(2, 14, 2)
dims
(1, 3)
input_raw_data
(336, 3, 720, 1440)
clips
(2, 14, 2)
dims
(1, 3)
input_raw_data
(336, 3, 720, 1440)
2023-02-28 03:46:53 itr: 3800
training loss: 0.045502010732889175
/scratch/08589/hvtran/download/era5_train_0901002003_3_24hr.npz
clips
(2, 14, 2)
dims
(1, 3)
input_raw_data
(336, 3, 720, 1440)
clips
(2, 61, 2)
dims
(1, 3)
input_raw_data
(1464, 3, 720, 1440)
2023-02-28 04:11:37 itr: 3850
training loss: 0.041423775255680084
/work/08589/hvtran/ls6/ERA5_PredRNN-main/era5_train_1001002016_3_24hr.npz
clips
(2, 14, 2)
dims
(1, 3)
input_raw_data
(336, 3, 720, 1440)
clips
(2, 14, 2)
dims
(1, 3)
input_raw_data
(336, 3, 720, 1440)
/scratch/08589/hvtran/download/era5_train_0901002008_3_24hr.npz
clips
(2, 14, 2)
dims
(1, 3)
input_raw_data
(336, 3, 720, 1440)
clips
(2, 61, 2)
dims
(1, 3)
input_raw_data
(1464, 3, 720, 1440)
2023-02-28 04:36:52 itr: 3900
training loss: 0.03883426636457443
/work/08589/hvtran/ls6/ERA5_PredRNN-main/era5_train_0825002005_3_24hr.npz
clips
(2, 14, 2)
dims
(1, 3)
input_raw_data
(336, 3, 720, 1440)
clips
(2, 14, 2)
dims
(1, 3)
input_raw_data
(336, 3, 720, 1440)
/scratch/08589/hvtran/download/era5_train_0901002009_3_24hr.npz
clips
(2, 14, 2)
dims
(1, 3)
input_raw_data
(336, 3, 720, 1440)
clips
(2, 61, 2)
dims
(1, 3)
input_raw_data
(1464, 3, 720, 1440)
2023-02-28 05:02:17 itr: 3950
training loss: 0.039187610149383545
2023-02-28 05:25:41 itr: 4000
training loss: 0.039996545761823654
save model to /work/08589/hvtran/ls6/ERA5_PredRNN-main/predrnn-pytorch/checkpoints/era5_predrnn/model.ckpt-4000
/scratch/08589/hvtran/download/era5_train_0901002006_3_24hr.npz
clips
(2, 14, 2)
dims
(1, 3)
input_raw_data
(336, 3, 720, 1440)
clips
(2, 61, 2)
dims
(1, 3)
input_raw_data
(1464, 3, 720, 1440)
2023-02-28 05:50:37 itr: 4050
training loss: 0.03777094930410385
/scratch/08589/hvtran/download/era5_train_0901002012_3_24hr.npz
clips
(2, 14, 2)
dims
(1, 3)
input_raw_data
(336, 3, 720, 1440)
clips
(2, 61, 2)
dims
(1, 3)
input_raw_data
(1464, 3, 720, 1440)
2023-02-28 06:15:36 itr: 4100
training loss: 0.03684307634830475
/scratch/08589/hvtran/download/era5_train_0901002002_3_24hr.npz
clips
(2, 14, 2)
dims
(1, 3)
input_raw_data
(336, 3, 720, 1440)
clips
(2, 61, 2)
dims
(1, 3)
input_raw_data
(1464, 3, 720, 1440)
2023-02-28 06:40:36 itr: 4150
training loss: 0.03843900188803673
/scratch/08589/hvtran/download/era5_train_0901002005_3_24hr.npz
clips
(2, 14, 2)
dims
(1, 3)
input_raw_data
(336, 3, 720, 1440)
clips
(2, 61, 2)
dims
(1, 3)
input_raw_data
(1464, 3, 720, 1440)
2023-02-28 07:05:19 itr: 4200
training loss: 0.03596792370080948
/work/08589/hvtran/ls6/ERA5_PredRNN-main/era5_train_0921002022_3_24hr.npz
clips
(2, 14, 2)
dims
(1, 3)
input_raw_data
(336, 3, 720, 1440)
clips
(2, 14, 2)
dims
(1, 3)
input_raw_data
(336, 3, 720, 1440)
2023-02-28 07:28:58 itr: 4250
training loss: 0.04123971611261368
/scratch/08589/hvtran/download/era5_train_0901002010_3_24hr.npz
clips
(2, 14, 2)
dims
(1, 3)
input_raw_data
(336, 3, 720, 1440)
clips
(2, 61, 2)
dims
(1, 3)
input_raw_data
(1464, 3, 720, 1440)
2023-02-28 07:53:46 itr: 4300
training loss: 0.03590170294046402
/scratch/08589/hvtran/download/era5_train_0901002004_3_24hr.npz
clips
(2, 14, 2)
dims
(1, 3)
input_raw_data
(336, 3, 720, 1440)
clips
(2, 61, 2)
dims
(1, 3)
input_raw_data
(1464, 3, 720, 1440)
2023-02-28 08:18:36 itr: 4350
training loss: 0.03530259430408478
/scratch/08589/hvtran/download/era5_train_0901002000_3_24hr.npz
clips
(2, 14, 2)
dims
(1, 3)
input_raw_data
(336, 3, 720, 1440)
clips
(2, 61, 2)
dims
(1, 3)
input_raw_data
(1464, 3, 720, 1440)
2023-02-28 08:43:21 itr: 4400
training loss: 0.03534149378538132
/scratch/08589/hvtran/download/era5_train_0901002011_3_24hr.npz
clips
(2, 14, 2)
dims
(1, 3)
input_raw_data
(336, 3, 720, 1440)
clips
(2, 61, 2)
dims
(1, 3)
input_raw_data
(1464, 3, 720, 1440)
2023-02-28 09:08:17 itr: 4450
training loss: 0.03574434667825699
/work/08589/hvtran/ls6/ERA5_PredRNN-main/era5_train_1001002015_3_24hr.npz
clips
(2, 14, 2)
dims
(1, 3)
input_raw_data
(336, 3, 720, 1440)
clips
(2, 14, 2)
dims
(1, 3)
input_raw_data
(336, 3, 720, 1440)
2023-02-28 09:32:08 itr: 4500
training loss: 0.03871702775359154
/scratch/08589/hvtran/download/era5_train_0901002001_3_24hr.npz
clips
(2, 14, 2)
dims
(1, 3)
input_raw_data
(336, 3, 720, 1440)
clips
(2, 61, 2)
dims
(1, 3)
input_raw_data
(1464, 3, 720, 1440)
2023-02-28 09:56:57 itr: 4550
training loss: 0.03463904932141304
/scratch/08589/hvtran/download/era5_train_0901002014_3_24hr.npz
clips
(2, 14, 2)
dims
(1, 3)
input_raw_data
(336, 3, 720, 1440)
clips
(2, 61, 2)
dims
(1, 3)
input_raw_data
(1464, 3, 720, 1440)
2023-02-28 10:22:05 itr: 4600
training loss: 0.0401090532541275
/scratch/08589/hvtran/download/era5_train_0901002013_3_24hr.npz
clips
(2, 14, 2)
dims
(1, 3)
input_raw_data
(336, 3, 720, 1440)
clips
(2, 61, 2)
dims
(1, 3)
input_raw_data
(1464, 3, 720, 1440)
2023-02-28 10:46:55 itr: 4650
training loss: 0.04019828885793686
/scratch/08589/hvtran/download/era5_train_0901002007_3_24hr.npz
clips
(2, 14, 2)
dims
(1, 3)
input_raw_data
(336, 3, 720, 1440)
clips
(2, 61, 2)
dims
(1, 3)
input_raw_data
(1464, 3, 720, 1440)
2023-02-28 11:11:57 itr: 4700
training loss: 0.04015764221549034
2023-02-28 11:35:05 itr: 4750
training loss: 0.03602829948067665
/work/08589/hvtran/ls6/ERA5_PredRNN-main/era5_train_0827002021_3_24hr.npz
clips
(2, 14, 2)
dims
(1, 3)
input_raw_data
(336, 3, 720, 1440)
clips
(2, 14, 2)
dims
(1, 3)
input_raw_data
(336, 3, 720, 1440)
/scratch/08589/hvtran/download/era5_train_0901002003_3_24hr.npz
clips
(2, 14, 2)
dims
(1, 3)
input_raw_data
(336, 3, 720, 1440)
clips
(2, 61, 2)
dims
(1, 3)
input_raw_data
(1464, 3, 720, 1440)
2023-02-28 12:00:16 itr: 4800
training loss: 0.35993823409080505
/work/08589/hvtran/ls6/ERA5_PredRNN-main/era5_train_1001002016_3_24hr.npz
clips
(2, 14, 2)
dims
(1, 3)
input_raw_data
(336, 3, 720, 1440)
clips
(2, 14, 2)
dims
(1, 3)
input_raw_data
(336, 3, 720, 1440)
/scratch/08589/hvtran/download/era5_train_0901002008_3_24hr.npz
clips
(2, 14, 2)
dims
(1, 3)
input_raw_data
(336, 3, 720, 1440)
clips
(2, 61, 2)
dims
(1, 3)
input_raw_data
(1464, 3, 720, 1440)
2023-02-28 12:25:40 itr: 4850
training loss: 0.04408479109406471
/work/08589/hvtran/ls6/ERA5_PredRNN-main/era5_train_0825002005_3_24hr.npz
clips
(2, 14, 2)
dims
(1, 3)
input_raw_data
(336, 3, 720, 1440)
clips
(2, 14, 2)
dims
(1, 3)
input_raw_data
(336, 3, 720, 1440)
2023-02-28 12:49:31 itr: 4900
training loss: 0.08442443609237671
/scratch/08589/hvtran/download/era5_train_0901002009_3_24hr.npz
clips
(2, 14, 2)
dims
(1, 3)
input_raw_data
(336, 3, 720, 1440)
clips
(2, 61, 2)
dims
(1, 3)
input_raw_data
(1464, 3, 720, 1440)
2023-02-28 13:14:08 itr: 4950
training loss: 0.048566509038209915
/scratch/08589/hvtran/download/era5_train_0901002006_3_24hr.npz
clips
(2, 14, 2)
dims
(1, 3)
input_raw_data
(336, 3, 720, 1440)
clips
(2, 61, 2)
dims
(1, 3)
input_raw_data
(1464, 3, 720, 1440)
2023-02-28 13:38:59 itr: 5000
training loss: 0.05301719158887863
/scratch/08589/hvtran/download/era5_train_0901002012_3_24hr.npz
clips
(2, 14, 2)
dims
(1, 3)
input_raw_data
(336, 3, 720, 1440)
clips
(2, 61, 2)
dims
(1, 3)
input_raw_data
(1464, 3, 720, 1440)
2023-02-28 14:03:45 itr: 5050
training loss: 0.0488068088889122
/scratch/08589/hvtran/download/era5_train_0901002002_3_24hr.npz
clips
(2, 14, 2)
dims
(1, 3)
input_raw_data
(336, 3, 720, 1440)
clips
(2, 61, 2)
dims
(1, 3)
input_raw_data
(1464, 3, 720, 1440)
2023-02-28 14:28:41 itr: 5100
training loss: 0.05374239385128021
2023-02-28 14:51:49 itr: 5150
training loss: 0.06229548901319504
/scratch/08589/hvtran/download/era5_train_0901002005_3_24hr.npz
clips
(2, 14, 2)
dims
(1, 3)
input_raw_data
(336, 3, 720, 1440)
clips
(2, 61, 2)
dims
(1, 3)
input_raw_data
(1464, 3, 720, 1440)
2023-02-28 15:16:37 itr: 5200
training loss: 0.048606861382722855
/work/08589/hvtran/ls6/ERA5_PredRNN-main/era5_train_0921002022_3_24hr.npz
clips
(2, 14, 2)
dims
(1, 3)
input_raw_data
(336, 3, 720, 1440)
clips
(2, 14, 2)
dims
(1, 3)
input_raw_data
(336, 3, 720, 1440)
/scratch/08589/hvtran/download/era5_train_0901002010_3_24hr.npz
clips
(2, 14, 2)
dims
(1, 3)
input_raw_data
(336, 3, 720, 1440)
clips
(2, 61, 2)
dims
(1, 3)
input_raw_data
(1464, 3, 720, 1440)
2023-02-28 15:41:56 itr: 5250
training loss: 0.05092817172408104
/scratch/08589/hvtran/download/era5_train_0901002004_3_24hr.npz
clips
(2, 14, 2)
dims
(1, 3)
input_raw_data
(336, 3, 720, 1440)
clips
(2, 61, 2)
dims
(1, 3)
input_raw_data
(1464, 3, 720, 1440)
2023-02-28 16:06:59 itr: 5300
training loss: 0.059038273990154266
/scratch/08589/hvtran/download/era5_train_0901002000_3_24hr.npz
clips
(2, 14, 2)
dims
(1, 3)
input_raw_data
(336, 3, 720, 1440)
clips
(2, 61, 2)
dims
(1, 3)
input_raw_data
(1464, 3, 720, 1440)
2023-02-28 16:31:57 itr: 5350
training loss: 0.048166342079639435
2023-02-28 16:55:16 itr: 5400
training loss: 0.07552046328783035
/scratch/08589/hvtran/download/era5_train_0901002011_3_24hr.npz
clips
(2, 14, 2)
dims
(1, 3)
input_raw_data
(336, 3, 720, 1440)
clips
(2, 61, 2)
dims
(1, 3)
input_raw_data
(1464, 3, 720, 1440)
2023-02-28 17:20:13 itr: 5450
training loss: 0.05268464982509613
/work/08589/hvtran/ls6/ERA5_PredRNN-main/era5_train_1001002015_3_24hr.npz
clips
(2, 14, 2)
dims
(1, 3)
input_raw_data
(336, 3, 720, 1440)
clips
(2, 14, 2)
dims
(1, 3)
input_raw_data
(336, 3, 720, 1440)
/scratch/08589/hvtran/download/era5_train_0901002001_3_24hr.npz
clips
(2, 14, 2)
dims
(1, 3)
input_raw_data
(336, 3, 720, 1440)
clips
(2, 61, 2)
dims
(1, 3)
input_raw_data
(1464, 3, 720, 1440)
2023-02-28 17:45:37 itr: 5500
training loss: 0.051176637411117554
/scratch/08589/hvtran/download/era5_train_0901002014_3_24hr.npz
clips
(2, 14, 2)
dims
(1, 3)
input_raw_data
(336, 3, 720, 1440)
clips
(2, 61, 2)
dims
(1, 3)
input_raw_data
(1464, 3, 720, 1440)
2023-02-28 18:10:32 itr: 5550
training loss: 0.049337487667798996
/scratch/08589/hvtran/download/era5_train_0901002013_3_24hr.npz
clips
(2, 14, 2)
dims
(1, 3)
input_raw_data
(336, 3, 720, 1440)
clips
(2, 61, 2)
dims
(1, 3)
input_raw_data
(1464, 3, 720, 1440)
2023-02-28 18:35:18 itr: 5600
training loss: 0.04858002811670303
2023-02-28 18:58:29 itr: 5650
training loss: 0.045188117772340775
/scratch/08589/hvtran/download/era5_train_0901002007_3_24hr.npz
clips
(2, 14, 2)
dims
(1, 3)
input_raw_data
(336, 3, 720, 1440)
clips
(2, 61, 2)
dims
(1, 3)
input_raw_data
(1464, 3, 720, 1440)
2023-02-28 19:23:24 itr: 5700
training loss: 0.04622212424874306
/work/08589/hvtran/ls6/ERA5_PredRNN-main/era5_train_0827002021_3_24hr.npz
clips
(2, 14, 2)
dims
(1, 3)
input_raw_data
(336, 3, 720, 1440)
clips
(2, 14, 2)
dims
(1, 3)
input_raw_data
(336, 3, 720, 1440)
/scratch/08589/hvtran/download/era5_train_0901002003_3_24hr.npz
clips
(2, 14, 2)
dims
(1, 3)
input_raw_data
(336, 3, 720, 1440)
clips
(2, 61, 2)
dims
(1, 3)
input_raw_data
(1464, 3, 720, 1440)
2023-02-28 19:48:40 itr: 5750
training loss: 0.05407245084643364
/work/08589/hvtran/ls6/ERA5_PredRNN-main/era5_train_1001002016_3_24hr.npz
clips
(2, 14, 2)
dims
(1, 3)
input_raw_data
(336, 3, 720, 1440)
clips
(2, 14, 2)
dims
(1, 3)
input_raw_data
(336, 3, 720, 1440)
2023-02-28 20:12:30 itr: 5800
training loss: 0.05261070281267166
/scratch/08589/hvtran/download/era5_train_0901002008_3_24hr.npz
clips
(2, 14, 2)
dims
(1, 3)
input_raw_data
(336, 3, 720, 1440)
clips
(2, 61, 2)
dims
(1, 3)
input_raw_data
(1464, 3, 720, 1440)
slurmstepd: error: *** JOB 723570 ON c317-004 CANCELLED AT 2023-02-28T20:22:19 DUE TO TIME LIMIT ***
