2022-10-23 16:59:01.053306: W tensorflow/stream_executor/platform/default/dso_loader.cc:64] Could not load dynamic library 'libcudart.so.11.0'; dlerror: libcudart.so.11.0: cannot open shared object file: No such file or directory; LD_LIBRARY_PATH: /home1/08589/hvtran/.local/lib/python3.9/site-packages/cv2/../../lib64:/opt/apps/pmix/3.2.3/lib:/opt/apps/intel19/python3/3.9.7/lib:/opt/intel/compilers_and_libraries_2020.4.304/linux/mpi/intel64/libfabric/lib:/opt/intel/compilers_and_libraries_2020.4.304/linux/mpi/intel64/lib/release:/opt/intel/compilers_and_libraries_2020.4.304/linux/mpi/intel64/lib:/opt/intel/debugger_2020/libipt/intel64/lib:/opt/intel/compilers_and_libraries_2020.1.217/linux/daal/lib/intel64_lin:/opt/intel/compilers_and_libraries_2020.1.217/linux/tbb/lib/intel64_lin/gcc4.8:/opt/intel/compilers_and_libraries_2020.1.217/linux/mkl/lib/intel64_lin:/opt/intel/compilers_and_libraries_2020.1.217/linux/ipp/lib/intel64:/opt/intel/compilers_and_libraries_2020.1.217/linux/compiler/lib/intel64_lin:/opt/apps/gcc/9.4.0/lib64:/opt/apps/gcc/9.4.0/lib:/usr/lib64
2022-10-23 16:59:01.053773: I tensorflow/stream_executor/cuda/cudart_stub.cc:29] Ignore above cudart dlerror if you do not have a GPU set up on your machine.
Setting up [LPIPS] perceptual loss: trunk [alex], v[0.1], spatial [off]
Loading model from: /home1/08589/hvtran/.local/lib/python3.9/site-packages/lpips/weights/v0.1/alex.pth
Namespace(is_training=1, device='cuda', dataset_name='mnist', train_data_paths='/work/08589/hvtran/ls6/ERA5_PredRNN-main/era5_train_10012015_6_24hr.npz,/work/08589/hvtran/ls6/ERA5_PredRNN-main/era5_train_10012016_6_24hr.npz,/work/08589/hvtran/ls6/ERA5_PredRNN-main/era5_train_09012017_6_24hr.npz,/work/08589/hvtran/ls6/ERA5_PredRNN-main/era5_train_09012018_6_24hr.npz,/work/08589/hvtran/ls6/ERA5_PredRNN-main/era5_train_08162020_6_24hr.npz', valid_data_paths='/work/08589/hvtran/ls6/ERA5_PredRNN-main/era5_train_09012018_6_24hr.npz', save_dir='/work/08589/hvtran/ls6/ERA5_PredRNN-main/predrnn-pytorch/checkpoints/era5_predrnn', gen_frm_dir='/work/08589/hvtran/ls6/ERA5_PredRNN-main/predrnn-pytorch/checkpoints/era5_predrnn', input_length=24, total_length=48, img_width=1440, img_height=720, img_channel=1, concurent_step=1, use_weight=0, layer_weight='20', model_name='predrnn_v2', pretrained_model='/work/08589/hvtran/ls6/ERA5_PredRNN-main/model.ckpt-1000', num_hidden='400,400,400,400', filter_size=5, stride=1, patch_size=15, patch_size1=4, layer_norm=1, decouple_beta=0.05, reverse_scheduled_sampling=1, r_sampling_step_1=25000.0, r_sampling_step_2=50000, r_exp_alpha=2500, scheduled_sampling=1, sampling_stop_iter=50000, sampling_start_value=1.0, sampling_changing_rate=2e-05, lr=0.0002, reverse_input=1, batch_size=1, max_iterations=10000, display_interval=50, test_interval=1000000, snapshot_interval=2000, num_save_samples=10, n_gpu=1, visual=0, visual_path='./decoupling_visual', injection_action='concat', conv_on_input=0, res_on_conv=0, num_action_ch=4, is_static=0, is_scale=0, out_scale1='', out_scale2='', in_scale1='', in_scale2='', noise_val=0, out_channel=5, stat_layers=8, stat_layers2=5, out_weights='', curr_best_loss=0.65, isloss=1, is_logscale=0, is_WV=1)
Initializing models
load model: /work/08589/hvtran/ls6/ERA5_PredRNN-main/model.ckpt-1000
clips
(2, 30, 2)
dims
(1, 3)
input_raw_data
(720, 1, 720, 1440)
clips
(2, 128, 2)
dims
(1, 3)
input_raw_data
(3048, 1, 720, 1440)
current best loss: 0.039434
save model to /work/08589/hvtran/ls6/ERA5_PredRNN-main/predrnn-pytorch/checkpoints/era5_predrnn/model.ckpt-best
current best loss: 0.038891
save model to /work/08589/hvtran/ls6/ERA5_PredRNN-main/predrnn-pytorch/checkpoints/era5_predrnn/model.ckpt-best
current best loss: 0.037006
save model to /work/08589/hvtran/ls6/ERA5_PredRNN-main/predrnn-pytorch/checkpoints/era5_predrnn/model.ckpt-best
current best loss: 0.036116
save model to /work/08589/hvtran/ls6/ERA5_PredRNN-main/predrnn-pytorch/checkpoints/era5_predrnn/model.ckpt-best
current best loss: 0.03593
save model to /work/08589/hvtran/ls6/ERA5_PredRNN-main/predrnn-pytorch/checkpoints/era5_predrnn/model.ckpt-best
current best loss: 0.035124
save model to /work/08589/hvtran/ls6/ERA5_PredRNN-main/predrnn-pytorch/checkpoints/era5_predrnn/model.ckpt-best
2022-10-23 17:34:45 itr: 50
training loss: 0.03769044578075409
current best loss: 0.034781
save model to /work/08589/hvtran/ls6/ERA5_PredRNN-main/predrnn-pytorch/checkpoints/era5_predrnn/model.ckpt-best
current best loss: 0.034662
save model to /work/08589/hvtran/ls6/ERA5_PredRNN-main/predrnn-pytorch/checkpoints/era5_predrnn/model.ckpt-best
current best loss: 0.034623
save model to /work/08589/hvtran/ls6/ERA5_PredRNN-main/predrnn-pytorch/checkpoints/era5_predrnn/model.ckpt-best
current best loss: 0.033106
save model to /work/08589/hvtran/ls6/ERA5_PredRNN-main/predrnn-pytorch/checkpoints/era5_predrnn/model.ckpt-best
2022-10-23 17:58:44 itr: 100
training loss: 0.0372307263314724
current best loss: 0.030942
save model to /work/08589/hvtran/ls6/ERA5_PredRNN-main/predrnn-pytorch/checkpoints/era5_predrnn/model.ckpt-best
current best loss: 0.03064
save model to /work/08589/hvtran/ls6/ERA5_PredRNN-main/predrnn-pytorch/checkpoints/era5_predrnn/model.ckpt-best
2022-10-23 18:23:58 itr: 150
training loss: 0.03250826895236969
current best loss: 0.029602
save model to /work/08589/hvtran/ls6/ERA5_PredRNN-main/predrnn-pytorch/checkpoints/era5_predrnn/model.ckpt-best
2022-10-23 18:49:22 itr: 200
training loss: 0.03598811477422714
current best loss: 0.029106
save model to /work/08589/hvtran/ls6/ERA5_PredRNN-main/predrnn-pytorch/checkpoints/era5_predrnn/model.ckpt-best
2022-10-23 19:14:39 itr: 250
training loss: 0.031819961965084076
current best loss: 0.028819
save model to /work/08589/hvtran/ls6/ERA5_PredRNN-main/predrnn-pytorch/checkpoints/era5_predrnn/model.ckpt-best
current best loss: 0.028284
save model to /work/08589/hvtran/ls6/ERA5_PredRNN-main/predrnn-pytorch/checkpoints/era5_predrnn/model.ckpt-best
current best loss: 0.028202
save model to /work/08589/hvtran/ls6/ERA5_PredRNN-main/predrnn-pytorch/checkpoints/era5_predrnn/model.ckpt-best
current best loss: 0.027846
save model to /work/08589/hvtran/ls6/ERA5_PredRNN-main/predrnn-pytorch/checkpoints/era5_predrnn/model.ckpt-best
2022-10-23 19:40:18 itr: 300
training loss: 0.03025350347161293
current best loss: 0.027323
save model to /work/08589/hvtran/ls6/ERA5_PredRNN-main/predrnn-pytorch/checkpoints/era5_predrnn/model.ckpt-best
current best loss: 0.026274
save model to /work/08589/hvtran/ls6/ERA5_PredRNN-main/predrnn-pytorch/checkpoints/era5_predrnn/model.ckpt-best
2022-10-23 20:05:47 itr: 350
training loss: 0.03058735653758049
current best loss: 0.02582
save model to /work/08589/hvtran/ls6/ERA5_PredRNN-main/predrnn-pytorch/checkpoints/era5_predrnn/model.ckpt-best
2022-10-23 20:31:13 itr: 400
training loss: 0.02902827039361
current best loss: 0.025321
save model to /work/08589/hvtran/ls6/ERA5_PredRNN-main/predrnn-pytorch/checkpoints/era5_predrnn/model.ckpt-best
current best loss: 0.024678
save model to /work/08589/hvtran/ls6/ERA5_PredRNN-main/predrnn-pytorch/checkpoints/era5_predrnn/model.ckpt-best
2022-10-23 20:56:42 itr: 450
training loss: 0.028407810255885124
current best loss: 0.02466
save model to /work/08589/hvtran/ls6/ERA5_PredRNN-main/predrnn-pytorch/checkpoints/era5_predrnn/model.ckpt-best
2022-10-23 21:22:08 itr: 500
training loss: 0.026883885264396667
current best loss: 0.024413
save model to /work/08589/hvtran/ls6/ERA5_PredRNN-main/predrnn-pytorch/checkpoints/era5_predrnn/model.ckpt-best
current best loss: 0.023018
save model to /work/08589/hvtran/ls6/ERA5_PredRNN-main/predrnn-pytorch/checkpoints/era5_predrnn/model.ckpt-best
2022-10-23 21:47:33 itr: 550
training loss: 0.030922885984182358
2022-10-23 22:12:44 itr: 600
training loss: 0.02414112538099289
current best loss: 0.022692
save model to /work/08589/hvtran/ls6/ERA5_PredRNN-main/predrnn-pytorch/checkpoints/era5_predrnn/model.ckpt-best
current best loss: 0.022579
save model to /work/08589/hvtran/ls6/ERA5_PredRNN-main/predrnn-pytorch/checkpoints/era5_predrnn/model.ckpt-best
current best loss: 0.02251
save model to /work/08589/hvtran/ls6/ERA5_PredRNN-main/predrnn-pytorch/checkpoints/era5_predrnn/model.ckpt-best
2022-10-23 22:38:13 itr: 650
training loss: 0.02267937734723091
current best loss: 0.022491
save model to /work/08589/hvtran/ls6/ERA5_PredRNN-main/predrnn-pytorch/checkpoints/era5_predrnn/model.ckpt-best
current best loss: 0.022328
save model to /work/08589/hvtran/ls6/ERA5_PredRNN-main/predrnn-pytorch/checkpoints/era5_predrnn/model.ckpt-best
current best loss: 0.020586
save model to /work/08589/hvtran/ls6/ERA5_PredRNN-main/predrnn-pytorch/checkpoints/era5_predrnn/model.ckpt-best
