2022-10-10 02:50:55.513191: W tensorflow/stream_executor/platform/default/dso_loader.cc:64] Could not load dynamic library 'libcudart.so.11.0'; dlerror: libcudart.so.11.0: cannot open shared object file: No such file or directory; LD_LIBRARY_PATH: /home1/08589/hvtran/.local/lib/python3.9/site-packages/cv2/../../lib64:/opt/apps/pmix/3.2.3/lib:/opt/apps/intel19/python3/3.9.7/lib:/opt/intel/compilers_and_libraries_2020.4.304/linux/mpi/intel64/libfabric/lib:/opt/intel/compilers_and_libraries_2020.4.304/linux/mpi/intel64/lib/release:/opt/intel/compilers_and_libraries_2020.4.304/linux/mpi/intel64/lib:/opt/intel/debugger_2020/libipt/intel64/lib:/opt/intel/compilers_and_libraries_2020.1.217/linux/daal/lib/intel64_lin:/opt/intel/compilers_and_libraries_2020.1.217/linux/tbb/lib/intel64_lin/gcc4.8:/opt/intel/compilers_and_libraries_2020.1.217/linux/mkl/lib/intel64_lin:/opt/intel/compilers_and_libraries_2020.1.217/linux/ipp/lib/intel64:/opt/intel/compilers_and_libraries_2020.1.217/linux/compiler/lib/intel64_lin:/opt/apps/gcc/9.4.0/lib64:/opt/apps/gcc/9.4.0/lib:/usr/lib64
2022-10-10 02:50:55.513759: I tensorflow/stream_executor/cuda/cudart_stub.cc:29] Ignore above cudart dlerror if you do not have a GPU set up on your machine.
Setting up [LPIPS] perceptual loss: trunk [alex], v[0.1], spatial [off]
Loading model from: /home1/08589/hvtran/.local/lib/python3.9/site-packages/lpips/weights/v0.1/alex.pth
Namespace(is_training=1, device='cuda', dataset_name='mnist', train_data_paths='/work/08589/hvtran/ls6/ERA5_PredRNN-main/era5_train_10012015_6_24hr.npz,/work/08589/hvtran/ls6/ERA5_PredRNN-main/era5_train_10012016_6_24hr.npz,/work/08589/hvtran/ls6/ERA5_PredRNN-main/era5_train_09012017_6_24hr.npz,/work/08589/hvtran/ls6/ERA5_PredRNN-main/era5_train_09012018_6_24hr.npz,/work/08589/hvtran/ls6/ERA5_PredRNN-main/era5_train_08162020_6_24hr.npz', valid_data_paths='/work/08589/hvtran/ls6/ERA5_PredRNN-main/era5_train_09012018_6_24hr.npz', save_dir='/work/08589/hvtran/ls6/ERA5_PredRNN-main/predrnn-pytorch/checkpoints/era5_predrnn1', gen_frm_dir='/work/08589/hvtran/ls6/ERA5_PredRNN-main/predrnn-pytorch/checkpoints/era5_predrnn1', input_length=24, total_length=48, img_width=1440, img_height=720, img_channel=6, concurent_step=1, use_weight=1, layer_weight='10,10,10,10,20,20', model_name='predrnn_v2', pretrained_model='/work/08589/hvtran/ls6/ERA5_PredRNN-main/model.ckpt-500', num_hidden='400,400,400,400', filter_size=5, stride=1, patch_size=15, patch_size1=4, layer_norm=1, decouple_beta=0.05, reverse_scheduled_sampling=1, r_sampling_step_1=25000.0, r_sampling_step_2=50000, r_exp_alpha=2500, scheduled_sampling=1, sampling_stop_iter=50000, sampling_start_value=1.0, sampling_changing_rate=2e-05, lr=0.0002, reverse_input=1, batch_size=1, max_iterations=10000, display_interval=5, test_interval=1000000, snapshot_interval=2000, num_save_samples=10, n_gpu=1, visual=0, visual_path='./decoupling_visual', injection_action='concat', conv_on_input=0, res_on_conv=0, num_action_ch=4, is_static=0, is_scale=0, out_scale1='', out_scale2='', in_scale1='', in_scale2='', noise_val=0, out_channel=5, stat_layers=8, stat_layers2=5, out_weights='', curr_best_loss=0.61, isloss=1, is_logscale=0, is_WV=1)
Initializing models
load model: /work/08589/hvtran/ls6/ERA5_PredRNN-main/model.ckpt-500
input_raw_data
(720, 6, 720, 1440)
dims
(1, 3)
clips
(2, 30, 2)
input_raw_data
(3048, 6, 720, 1440)
dims
(1, 3)
clips
(2, 128, 2)
2022-10-10 03:05:09 itr: 5
training loss: 0.7807446718215942
2022-10-10 03:08:33 itr: 10
training loss: 0.8338456153869629
2022-10-10 03:12:00 itr: 15
training loss: 0.826603889465332
2022-10-10 03:15:23 itr: 20
training loss: 0.8569737672805786
2022-10-10 03:18:46 itr: 25
training loss: 0.8040189743041992
2022-10-10 03:22:07 itr: 30
training loss: 0.8191455602645874
2022-10-10 03:25:28 itr: 35
training loss: 0.7754442691802979
2022-10-10 03:28:51 itr: 40
training loss: 0.7663827538490295
2022-10-10 03:32:11 itr: 45
training loss: 0.786583423614502
2022-10-10 03:35:32 itr: 50
training loss: 0.7817184925079346
2022-10-10 03:38:54 itr: 55
training loss: 0.741276741027832
2022-10-10 03:42:14 itr: 60
training loss: 0.8460608720779419
2022-10-10 03:45:36 itr: 65
training loss: 0.7472728490829468
2022-10-10 03:48:58 itr: 70
training loss: 0.7877557277679443
2022-10-10 03:52:19 itr: 75
training loss: 0.7978412508964539
2022-10-10 03:55:40 itr: 80
training loss: 0.7693976163864136
2022-10-10 03:59:02 itr: 85
training loss: 0.7875492572784424
2022-10-10 04:02:22 itr: 90
training loss: 0.8308560848236084
2022-10-10 04:05:43 itr: 95
training loss: 0.7896856069564819
2022-10-10 04:09:07 itr: 100
training loss: 0.7589201927185059
2022-10-10 04:12:30 itr: 105
training loss: 0.9083506464958191
2022-10-10 04:15:53 itr: 110
training loss: 0.7751992344856262
2022-10-10 04:19:15 itr: 115
training loss: 0.7567277550697327
2022-10-10 04:22:36 itr: 120
training loss: 0.7483365535736084
2022-10-10 04:25:57 itr: 125
training loss: 0.7784168720245361
2022-10-10 04:29:18 itr: 130
training loss: 0.7159163951873779
2022-10-10 04:32:39 itr: 135
training loss: 0.7206304669380188
2022-10-10 04:36:03 itr: 140
training loss: 0.7414201498031616
2022-10-10 04:39:27 itr: 145
training loss: 0.7631453275680542
2022-10-10 04:42:50 itr: 150
training loss: 0.7684080600738525
2022-10-10 04:46:14 itr: 155
training loss: 0.7598784565925598
2022-10-10 04:49:38 itr: 160
training loss: 0.750899076461792
2022-10-10 04:53:03 itr: 165
training loss: 0.7594620585441589
2022-10-10 04:56:28 itr: 170
training loss: 0.75298672914505
2022-10-10 04:59:54 itr: 175
training loss: 0.7631065845489502
2022-10-10 05:03:36 itr: 180
training loss: 0.7602930665016174
2022-10-10 05:06:58 itr: 185
training loss: 0.7347344160079956
2022-10-10 05:10:21 itr: 190
training loss: 0.7400312423706055
2022-10-10 05:13:46 itr: 195
training loss: 0.7576917409896851
2022-10-10 05:17:11 itr: 200
training loss: 0.7841361165046692
2022-10-10 05:20:35 itr: 205
training loss: 0.822059154510498
2022-10-10 05:24:00 itr: 210
training loss: 0.8141329884529114
2022-10-10 05:27:25 itr: 215
training loss: 0.746444821357727
2022-10-10 05:30:49 itr: 220
training loss: 0.7215108871459961
2022-10-10 05:34:12 itr: 225
training loss: 0.740288257598877
2022-10-10 05:37:35 itr: 230
training loss: 0.7427346706390381
2022-10-10 05:41:01 itr: 235
training loss: 0.7121343016624451
2022-10-10 05:44:25 itr: 240
training loss: 0.6951433420181274
2022-10-10 05:47:50 itr: 245
training loss: 0.724403977394104
2022-10-10 05:51:15 itr: 250
training loss: 0.7378572225570679
2022-10-10 05:54:40 itr: 255
training loss: 0.7418745756149292
2022-10-10 05:58:05 itr: 260
training loss: 0.7431032657623291
2022-10-10 06:01:29 itr: 265
training loss: 0.7342324256896973
2022-10-10 06:04:54 itr: 270
training loss: 0.7253473997116089
2022-10-10 06:08:20 itr: 275
training loss: 0.7635703086853027
2022-10-10 06:11:46 itr: 280
training loss: 0.6940075755119324
2022-10-10 06:15:12 itr: 285
training loss: 0.7785483002662659
2022-10-10 06:18:36 itr: 290
training loss: 0.745490550994873
2022-10-10 06:22:00 itr: 295
training loss: 0.7168252468109131
2022-10-10 06:25:25 itr: 300
training loss: 0.6901381015777588
2022-10-10 06:28:51 itr: 305
training loss: 0.7342838048934937
2022-10-10 06:32:16 itr: 310
training loss: 0.7918360233306885
2022-10-10 06:35:39 itr: 315
training loss: 0.7172605395317078
2022-10-10 06:39:04 itr: 320
training loss: 0.7135098576545715
2022-10-10 06:42:29 itr: 325
training loss: 0.7071747779846191
2022-10-10 06:45:52 itr: 330
training loss: 0.720464825630188
2022-10-10 06:49:17 itr: 335
training loss: 0.7237317562103271
2022-10-10 06:52:41 itr: 340
training loss: 0.7405540347099304
2022-10-10 06:56:08 itr: 345
training loss: 0.7391328811645508
2022-10-10 06:59:34 itr: 350
training loss: 0.6824047565460205
2022-10-10 07:03:01 itr: 355
training loss: 0.7214436531066895
2022-10-10 07:06:27 itr: 360
training loss: 0.7427252531051636
2022-10-10 07:09:52 itr: 365
training loss: 0.6825483441352844
2022-10-10 07:13:18 itr: 370
training loss: 0.7450160980224609
2022-10-10 07:16:48 itr: 375
training loss: 0.7120652198791504
2022-10-10 07:20:15 itr: 380
training loss: 0.7282424569129944
2022-10-10 07:23:45 itr: 385
training loss: 0.704562783241272
2022-10-10 07:27:11 itr: 390
training loss: 0.7404050230979919
2022-10-10 07:30:39 itr: 395
training loss: 0.6830422282218933
2022-10-10 07:34:04 itr: 400
training loss: 0.7402253150939941
2022-10-10 07:37:31 itr: 405
training loss: 0.6612800359725952
2022-10-10 07:40:58 itr: 410
training loss: 0.6713948249816895
2022-10-10 07:44:24 itr: 415
training loss: 0.6827422976493835
2022-10-10 07:47:51 itr: 420
training loss: 0.7129434943199158
2022-10-10 07:51:18 itr: 425
training loss: 0.70367830991745
2022-10-10 07:54:45 itr: 430
training loss: 0.7316219806671143
2022-10-10 07:58:12 itr: 435
training loss: 0.6986340284347534
2022-10-10 08:01:36 itr: 440
training loss: 0.7061712741851807
2022-10-10 08:05:03 itr: 445
training loss: 0.6888633370399475
2022-10-10 08:08:29 itr: 450
training loss: 0.7538677453994751
2022-10-10 08:11:57 itr: 455
training loss: 0.7046831846237183
2022-10-10 08:15:24 itr: 460
training loss: 0.6858683824539185
2022-10-10 08:19:02 itr: 465
training loss: 0.6948388814926147
2022-10-10 08:23:02 itr: 470
training loss: 0.692307710647583
2022-10-10 08:27:07 itr: 475
training loss: 0.7093285918235779
2022-10-10 08:31:15 itr: 480
training loss: 0.6968985199928284
2022-10-10 08:35:27 itr: 485
training loss: 0.7555217146873474
2022-10-10 08:39:45 itr: 490
training loss: 0.7374324202537537
2022-10-10 08:43:04 itr: 495
training loss: 0.7321778535842896
2022-10-10 08:46:25 itr: 500
training loss: 0.7209271788597107
2022-10-10 08:49:44 itr: 505
training loss: 0.7526473999023438
2022-10-10 08:53:03 itr: 510
training loss: 0.6823464632034302
2022-10-10 08:56:23 itr: 515
training loss: 0.6979727745056152
2022-10-10 08:59:42 itr: 520
training loss: 0.6707825660705566
2022-10-10 09:03:01 itr: 525
training loss: 0.6765091419219971
2022-10-10 09:06:22 itr: 530
training loss: 0.6785890460014343
2022-10-10 09:09:41 itr: 535
training loss: 0.696912407875061
2022-10-10 09:12:57 itr: 540
training loss: 0.7111347913742065
2022-10-10 09:16:15 itr: 545
training loss: 0.7884010076522827
2022-10-10 09:19:32 itr: 550
training loss: 0.6724817752838135
2022-10-10 09:22:51 itr: 555
training loss: 0.6790506839752197
2022-10-10 09:26:07 itr: 560
training loss: 0.6927268505096436
2022-10-10 09:29:26 itr: 565
training loss: 0.7128263711929321
2022-10-10 09:32:43 itr: 570
training loss: 0.6932002902030945
2022-10-10 09:36:01 itr: 575
training loss: 0.7160589694976807
2022-10-10 09:39:17 itr: 580
training loss: 0.7009249925613403
2022-10-10 09:42:35 itr: 585
training loss: 0.7001129388809204
2022-10-10 09:45:55 itr: 590
training loss: 0.6661461591720581
2022-10-10 09:49:13 itr: 595
training loss: 0.6890140175819397
2022-10-10 09:52:29 itr: 600
training loss: 0.6831616759300232
2022-10-10 09:55:48 itr: 605
training loss: 0.7056175470352173
2022-10-10 09:59:05 itr: 610
training loss: 0.682623565196991
2022-10-10 10:02:24 itr: 615
training loss: 0.724955677986145
2022-10-10 10:05:40 itr: 620
training loss: 0.6919822692871094
2022-10-10 10:08:59 itr: 625
training loss: 0.7673656940460205
2022-10-10 10:12:16 itr: 630
training loss: 0.6985921859741211
2022-10-10 10:15:35 itr: 635
training loss: 0.6827907562255859
2022-10-10 10:18:51 itr: 640
training loss: 0.7136101722717285
2022-10-10 10:22:10 itr: 645
training loss: 0.6880718469619751
2022-10-10 10:25:26 itr: 650
training loss: 0.6988519430160522
2022-10-10 10:28:45 itr: 655
training loss: 0.6799303889274597
2022-10-10 10:32:01 itr: 660
training loss: 0.69408118724823
2022-10-10 10:35:20 itr: 665
training loss: 0.6960299015045166
2022-10-10 10:38:37 itr: 670
training loss: 0.693149745464325
2022-10-10 10:41:55 itr: 675
training loss: 0.7218474745750427
2022-10-10 10:45:12 itr: 680
training loss: 0.7370305061340332
2022-10-10 10:48:32 itr: 685
training loss: 0.6953234672546387
2022-10-10 10:52:20 itr: 690
training loss: 0.6750474572181702
2022-10-10 10:56:03 itr: 695
training loss: 0.73777174949646
2022-10-10 11:00:08 itr: 700
training loss: 0.6661275029182434
2022-10-10 11:04:10 itr: 705
training loss: 0.7368419170379639
2022-10-10 11:07:42 itr: 710
training loss: 0.6834349632263184
2022-10-10 11:11:01 itr: 715
training loss: 0.7858709096908569
2022-10-10 11:14:19 itr: 720
training loss: 0.7386980056762695
2022-10-10 11:17:35 itr: 725
training loss: 0.6896302700042725
2022-10-10 11:20:51 itr: 730
training loss: 0.7067427635192871
2022-10-10 11:24:10 itr: 735
training loss: 0.6941968202590942
2022-10-10 11:27:28 itr: 740
training loss: 0.6865237951278687
2022-10-10 11:30:46 itr: 745
training loss: 0.6551203727722168
2022-10-10 11:34:02 itr: 750
training loss: 0.6790807843208313
2022-10-10 11:37:21 itr: 755
training loss: 0.6723893880844116
2022-10-10 11:40:38 itr: 760
training loss: 0.6941280364990234
2022-10-10 11:43:56 itr: 765
training loss: 0.7129104137420654
2022-10-10 11:47:12 itr: 770
training loss: 0.7132947444915771
2022-10-10 11:50:30 itr: 775
training loss: 0.6529265642166138
2022-10-10 11:53:48 itr: 780
training loss: 0.7265453338623047
2022-10-10 11:57:42 itr: 785
training loss: 0.6932843923568726
2022-10-10 12:01:32 itr: 790
training loss: 0.6922212243080139
2022-10-10 12:05:04 itr: 795
training loss: 0.6629793643951416
2022-10-10 12:08:23 itr: 800
training loss: 0.6860569715499878
2022-10-10 12:11:41 itr: 805
training loss: 0.7035856246948242
2022-10-10 12:14:57 itr: 810
training loss: 0.6761718988418579
2022-10-10 12:18:16 itr: 815
training loss: 0.7193790674209595
2022-10-10 12:21:33 itr: 820
training loss: 0.6829192638397217
2022-10-10 12:24:51 itr: 825
training loss: 0.6716777086257935
2022-10-10 12:28:06 itr: 830
training loss: 0.6637187004089355
2022-10-10 12:31:24 itr: 835
training loss: 0.7415305376052856
2022-10-10 12:34:41 itr: 840
training loss: 0.6984936594963074
2022-10-10 12:38:01 itr: 845
training loss: 0.7397528886795044
2022-10-10 12:41:17 itr: 850
training loss: 0.6568599939346313
2022-10-10 12:44:37 itr: 855
training loss: 0.6862097978591919
2022-10-10 12:47:53 itr: 860
training loss: 0.6639519929885864
2022-10-10 12:51:12 itr: 865
training loss: 0.6673356890678406
2022-10-10 12:54:28 itr: 870
training loss: 0.6899434328079224
2022-10-10 12:57:48 itr: 875
training loss: 0.7211876511573792
2022-10-10 13:01:26 itr: 880
training loss: 0.6609790325164795
2022-10-10 13:05:19 itr: 885
training loss: 0.6952402591705322
2022-10-10 13:09:17 itr: 890
training loss: 0.721157968044281
2022-10-10 13:13:30 itr: 895
training loss: 0.704504132270813
2022-10-10 13:17:58 itr: 900
training loss: 0.7651236057281494
2022-10-10 13:22:38 itr: 905
training loss: 0.7033113241195679
2022-10-10 13:27:25 itr: 910
training loss: 0.6952767968177795
2022-10-10 13:32:17 itr: 915
training loss: 0.6938549280166626
2022-10-10 13:36:27 itr: 920
training loss: 0.6510046720504761
2022-10-10 13:39:45 itr: 925
training loss: 0.7280672788619995
2022-10-10 13:43:00 itr: 930
training loss: 0.6832269430160522
2022-10-10 13:46:15 itr: 935
training loss: 0.6971094012260437
2022-10-10 13:49:33 itr: 940
training loss: 0.6624926328659058
2022-10-10 13:52:49 itr: 945
training loss: 0.688758909702301
2022-10-10 13:56:06 itr: 950
training loss: 0.6768704056739807
2022-10-10 13:59:25 itr: 955
training loss: 0.675844132900238
2022-10-10 14:02:43 itr: 960
training loss: 0.6958764791488647
2022-10-10 14:06:01 itr: 965
training loss: 0.7034807205200195
2022-10-10 14:09:17 itr: 970
training loss: 0.6997968554496765
2022-10-10 14:12:35 itr: 975
training loss: 0.6785421371459961
2022-10-10 14:15:51 itr: 980
training loss: 0.6889224648475647
2022-10-10 14:19:10 itr: 985
training loss: 0.6593528985977173
2022-10-10 14:22:27 itr: 990
training loss: 0.6812766790390015
2022-10-10 14:25:46 itr: 995
training loss: 0.6752543449401855
2022-10-10 14:29:04 itr: 1000
training loss: 0.6904201507568359
2022-10-10 14:32:25 itr: 1005
training loss: 0.7033035159111023
2022-10-10 14:35:41 itr: 1010
training loss: 0.6660236120223999
2022-10-10 14:39:15 itr: 1015
training loss: 0.7135547399520874
2022-10-10 14:42:32 itr: 1020
training loss: 0.6696565747261047
2022-10-10 14:45:49 itr: 1025
training loss: 0.650383710861206
2022-10-10 14:49:05 itr: 1030
training loss: 0.676201581954956
2022-10-10 14:52:23 itr: 1035
training loss: 0.6763296127319336
2022-10-10 14:55:40 itr: 1040
training loss: 0.689721941947937
2022-10-10 14:58:59 itr: 1045
training loss: 0.6611027121543884
2022-10-10 15:02:16 itr: 1050
training loss: 0.6759791374206543
2022-10-10 15:05:36 itr: 1055
training loss: 0.7076393961906433
2022-10-10 15:08:53 itr: 1060
training loss: 0.6533228754997253
2022-10-10 15:12:10 itr: 1065
training loss: 0.6586578488349915
2022-10-10 15:15:27 itr: 1070
training loss: 0.6538171768188477
2022-10-10 15:18:45 itr: 1075
training loss: 0.6666617393493652
2022-10-10 15:22:02 itr: 1080
training loss: 0.7050362825393677
2022-10-10 15:25:20 itr: 1085
training loss: 0.675911545753479
2022-10-10 15:28:37 itr: 1090
training loss: 0.6669734716415405
2022-10-10 15:31:54 itr: 1095
training loss: 0.7224819660186768
2022-10-10 15:35:10 itr: 1100
training loss: 0.6804225444793701
2022-10-10 15:38:29 itr: 1105
training loss: 0.6459023952484131
2022-10-10 15:41:45 itr: 1110
training loss: 0.6943747997283936
2022-10-10 15:45:32 itr: 1115
training loss: 0.6699845790863037
2022-10-10 15:49:31 itr: 1120
training loss: 0.6946364045143127
2022-10-10 15:53:38 itr: 1125
training loss: 0.6294766664505005
2022-10-10 15:57:36 itr: 1130
training loss: 0.669689416885376
2022-10-10 16:00:54 itr: 1135
training loss: 0.6653299331665039
2022-10-10 16:04:18 itr: 1140
training loss: 0.7444198131561279
2022-10-10 16:07:43 itr: 1145
training loss: 0.7071350812911987
2022-10-10 16:11:06 itr: 1150
training loss: 0.7134886980056763
2022-10-10 16:14:29 itr: 1155
training loss: 0.6402929425239563
2022-10-10 16:17:53 itr: 1160
training loss: 0.6924935579299927
2022-10-10 16:21:15 itr: 1165
training loss: 0.6782956123352051
2022-10-10 16:24:37 itr: 1170
training loss: 0.6785246133804321
2022-10-10 16:27:59 itr: 1175
training loss: 0.6702941656112671
2022-10-10 16:31:20 itr: 1180
training loss: 0.6497419476509094
2022-10-10 16:34:42 itr: 1185
training loss: 0.7031671404838562
2022-10-10 16:38:06 itr: 1190
training loss: 0.7232816219329834
2022-10-10 16:41:31 itr: 1195
training loss: 0.686844527721405
2022-10-10 16:44:55 itr: 1200
training loss: 0.7118901014328003
2022-10-10 16:48:22 itr: 1205
training loss: 0.6901793479919434
2022-10-10 16:51:49 itr: 1210
training loss: 0.6801347136497498
2022-10-10 16:55:15 itr: 1215
training loss: 0.6896235346794128
2022-10-10 16:58:34 itr: 1220
training loss: 0.6538803577423096
2022-10-10 17:02:01 itr: 1225
training loss: 0.6633377075195312
2022-10-10 17:05:25 itr: 1230
training loss: 0.6493260860443115
2022-10-10 17:08:53 itr: 1235
training loss: 0.6834849119186401
2022-10-10 17:12:17 itr: 1240
training loss: 0.682540774345398
2022-10-10 17:15:41 itr: 1245
training loss: 0.6626685857772827
2022-10-10 17:19:07 itr: 1250
training loss: 0.667870044708252
2022-10-10 17:22:34 itr: 1255
training loss: 0.6453455686569214
2022-10-10 17:26:01 itr: 1260
training loss: 0.6486517190933228
2022-10-10 17:29:28 itr: 1265
training loss: 0.6582125425338745
2022-10-10 17:32:54 itr: 1270
training loss: 0.654729962348938
2022-10-10 17:36:22 itr: 1275
training loss: 0.6611967086791992
2022-10-10 17:39:48 itr: 1280
training loss: 0.6638336181640625
2022-10-10 17:43:16 itr: 1285
training loss: 0.6809532642364502
2022-10-10 17:46:43 itr: 1290
training loss: 0.6681280136108398
2022-10-10 17:50:09 itr: 1295
training loss: 0.6858866810798645
2022-10-10 17:53:37 itr: 1300
training loss: 0.6475284695625305
2022-10-10 17:57:06 itr: 1305
training loss: 0.6551098823547363
2022-10-10 18:00:34 itr: 1310
training loss: 0.6529390215873718
2022-10-10 18:04:01 itr: 1315
training loss: 0.6526220440864563
2022-10-10 18:07:28 itr: 1320
training loss: 0.6775237917900085
2022-10-10 18:10:55 itr: 1325
training loss: 0.6803462505340576
2022-10-10 18:14:22 itr: 1330
training loss: 0.6966793537139893
2022-10-10 18:17:47 itr: 1335
training loss: 0.6581618785858154
2022-10-10 18:21:13 itr: 1340
training loss: 0.6732343435287476
2022-10-10 18:24:40 itr: 1345
training loss: 0.6577067375183105
2022-10-10 18:28:06 itr: 1350
training loss: 0.6644428968429565
2022-10-10 18:31:33 itr: 1355
training loss: 0.642333447933197
2022-10-10 18:35:00 itr: 1360
training loss: 0.7957662343978882
2022-10-10 18:38:27 itr: 1365
training loss: 0.693295419216156
2022-10-10 18:41:54 itr: 1370
training loss: 0.6522858738899231
2022-10-10 18:45:21 itr: 1375
training loss: 0.6659789085388184
2022-10-10 18:48:48 itr: 1380
training loss: 0.6714714169502258
2022-10-10 18:52:14 itr: 1385
training loss: 0.666421115398407
2022-10-10 18:55:41 itr: 1390
training loss: 0.7136017084121704
2022-10-10 18:59:09 itr: 1395
training loss: 0.6825242638587952
2022-10-10 19:02:36 itr: 1400
training loss: 0.6902468204498291
2022-10-10 19:06:02 itr: 1405
training loss: 0.6603025197982788
2022-10-10 19:09:28 itr: 1410
training loss: 0.7348698377609253
2022-10-10 19:12:55 itr: 1415
training loss: 0.6384799480438232
2022-10-10 19:16:21 itr: 1420
training loss: 0.6680262088775635
2022-10-10 19:19:47 itr: 1425
training loss: 0.6701768636703491
2022-10-10 19:23:15 itr: 1430
training loss: 0.714763879776001
2022-10-10 19:26:40 itr: 1435
training loss: 0.6385483741760254
2022-10-10 19:30:07 itr: 1440
training loss: 0.653369128704071
2022-10-10 19:33:34 itr: 1445
training loss: 0.6778475046157837
2022-10-10 19:37:00 itr: 1450
training loss: 0.6605304479598999
2022-10-10 19:40:54 itr: 1455
training loss: 0.6480792164802551
2022-10-10 19:44:19 itr: 1460
training loss: 0.656069278717041
2022-10-10 19:47:41 itr: 1465
training loss: 0.6826716661453247
2022-10-10 19:51:01 itr: 1470
training loss: 0.644751250743866
2022-10-10 19:54:20 itr: 1475
training loss: 0.675544798374176
2022-10-10 19:57:41 itr: 1480
training loss: 0.7525923252105713
2022-10-10 20:01:02 itr: 1485
training loss: 0.6583734750747681
2022-10-10 20:04:30 itr: 1490
training loss: 0.6603541374206543
2022-10-10 20:07:56 itr: 1495
training loss: 0.6534188985824585
2022-10-10 20:11:23 itr: 1500
training loss: 0.6596298217773438
2022-10-10 20:14:50 itr: 1505
training loss: 0.6859506368637085
2022-10-10 20:18:17 itr: 1510
training loss: 0.6421665549278259
2022-10-10 20:21:44 itr: 1515
training loss: 0.6581121683120728
